ARM GAS   			page 1


   1              	 .cpu cortex-m4
   2              	 .arch armv7e-m
   3              	 .fpu fpv4-sp-d16
   4              	 .eabi_attribute 27,1
   5              	 .eabi_attribute 28,1
   6              	 .eabi_attribute 20,1
   7              	 .eabi_attribute 21,1
   8              	 .eabi_attribute 23,3
   9              	 .eabi_attribute 24,1
  10              	 .eabi_attribute 25,1
  11              	 .eabi_attribute 26,1
  12              	 .eabi_attribute 30,6
  13              	 .eabi_attribute 34,0
  14              	 .eabi_attribute 18,4
  15              	 .file "ctickhook.cpp"
  16              	 .text
  17              	.Ltext0:
  18              	 .cfi_sections .debug_frame
  19              	 .section .rodata._ZStL19piecewise_construct,"a"
  20              	 .align 2
  21              	 .type _ZStL19piecewise_construct,%object
  22              	 .size _ZStL19piecewise_construct,1
  23              	_ZStL19piecewise_construct:
  24 0000 00       	 .space 1
  25              	 .text
  26              	.Letext0:
  27              	 .file 1 "c:\\progra~2\\gnuarm~1\\102021~1.10\\arm-none-eabi\\include\\c++\\10.3.1\\type_traits"
  28              	 .file 2 "c:\\progra~2\\gnuarm~1\\102021~1.10\\arm-none-eabi\\include\\c++\\10.3.1\\debug\\debug.h"
  29              	 .file 3 "c:\\progra~2\\gnuarm~1\\102021~1.10\\arm-none-eabi\\include\\c++\\10.3.1\\bits\\stl_pair.h"
  30              	 .file 4 "c:\\progra~2\\gnuarm~1\\102021~1.10\\arm-none-eabi\\include\\c++\\10.3.1\\bits\\exception_ptr.h"
  31              	 .file 5 "c:\\progra~2\\gnuarm~1\\102021~1.10\\arm-none-eabi\\include\\c++\\10.3.1\\bits\\stl_iterator.h"
  32              	 .file 6 "c:\\progra~2\\gnuarm~1\\102021~1.10\\arm-none-eabi\\include\\c++\\10.3.1\\arm-none-eabi\\thumb\\v7e-m+fp\\hard\\bits\\c++config.h"
  33              	 .file 7 "c:\\progra~2\\gnuarm~1\\102021~1.10\\arm-none-eabi\\include\\c++\\10.3.1\\bits\\predefined_ops.h"
  34              	 .file 8 "<built-in>"
  35              	 .section .debug_info,"",%progbits
  36              	.Ldebug_info0:
  37 0000 B8030000 	 .4byte 0x3b8
  38 0004 0400     	 .2byte 0x4
  39 0006 00000000 	 .4byte .Ldebug_abbrev0
  40 000a 04       	 .byte 0x4
  41 000b 01       	 .uleb128 0x1
  42 000c 6D040000 	 .4byte .LASF51
  43 0010 04       	 .byte 0x4
  44 0011 97060000 	 .4byte .LASF52
  45 0015 7B020000 	 .4byte .LASF53
  46 0019 00000000 	 .4byte .Ldebug_line0
  47 001d 02       	 .uleb128 0x2
  48 001e 04       	 .byte 0x4
  49 001f 05       	 .byte 0x5
  50 0020 696E7400 	 .ascii "int\000"
  51 0024 03       	 .uleb128 0x3
  52 0025 04       	 .byte 0x4
  53 0026 07       	 .byte 0x7
  54 0027 FC020000 	 .4byte .LASF0
  55 002b 03       	 .uleb128 0x3
  56 002c 08       	 .byte 0x8
  57 002d 05       	 .byte 0x5
ARM GAS   			page 2


  58 002e 00000000 	 .4byte .LASF1
  59 0032 03       	 .uleb128 0x3
  60 0033 08       	 .byte 0x8
  61 0034 04       	 .byte 0x4
  62 0035 EB030000 	 .4byte .LASF2
  63 0039 04       	 .uleb128 0x4
  64 003a 16010000 	 .4byte .LASF54
  65 003e 03       	 .uleb128 0x3
  66 003f 01       	 .byte 0x1
  67 0040 06       	 .byte 0x6
  68 0041 97030000 	 .4byte .LASF3
  69 0045 03       	 .uleb128 0x3
  70 0046 01       	 .byte 0x1
  71 0047 08       	 .byte 0x8
  72 0048 98010000 	 .4byte .LASF4
  73 004c 03       	 .uleb128 0x3
  74 004d 02       	 .byte 0x2
  75 004e 05       	 .byte 0x5
  76 004f BE050000 	 .4byte .LASF5
  77 0053 03       	 .uleb128 0x3
  78 0054 02       	 .byte 0x2
  79 0055 07       	 .byte 0x7
  80 0056 84060000 	 .4byte .LASF6
  81 005a 03       	 .uleb128 0x3
  82 005b 04       	 .byte 0x4
  83 005c 05       	 .byte 0x5
  84 005d 20020000 	 .4byte .LASF7
  85 0061 03       	 .uleb128 0x3
  86 0062 04       	 .byte 0x4
  87 0063 07       	 .byte 0x7
  88 0064 D5010000 	 .4byte .LASF8
  89 0068 03       	 .uleb128 0x3
  90 0069 08       	 .byte 0x8
  91 006a 07       	 .byte 0x7
  92 006b 35030000 	 .4byte .LASF9
  93 006f 05       	 .uleb128 0x5
  94 0070 04       	 .byte 0x4
  95 0071 03       	 .uleb128 0x3
  96 0072 01       	 .byte 0x1
  97 0073 08       	 .byte 0x8
  98 0074 3D040000 	 .4byte .LASF10
  99 0078 06       	 .uleb128 0x6
 100 0079 73746400 	 .ascii "std\000"
 101 007d 08       	 .byte 0x8
 102 007e 00       	 .byte 0
 103 007f 25030000 	 .4byte 0x325
 104 0083 07       	 .uleb128 0x7
 105 0084 23000000 	 .4byte .LASF42
 106 0088 06       	 .byte 0x6
 107 0089 1E01     	 .2byte 0x11e
 108 008b 41       	 .byte 0x41
 109 008c 08       	 .uleb128 0x8
 110 008d 06       	 .byte 0x6
 111 008e 1E01     	 .2byte 0x11e
 112 0090 41       	 .byte 0x41
 113 0091 83000000 	 .4byte 0x83
 114 0095 09       	 .uleb128 0x9
ARM GAS   			page 3


 115 0096 3A020000 	 .4byte .LASF11
 116 009a 01       	 .byte 0x1
 117 009b 680A     	 .2byte 0xa68
 118 009d 0D       	 .byte 0xd
 119 009e 09       	 .uleb128 0x9
 120 009f 7F000000 	 .4byte .LASF12
 121 00a3 01       	 .byte 0x1
 122 00a4 BC0A     	 .2byte 0xabc
 123 00a6 0D       	 .byte 0xd
 124 00a7 0A       	 .uleb128 0xa
 125 00a8 3B000000 	 .4byte .LASF14
 126 00ac 01       	 .byte 0x1
 127 00ad 03       	 .byte 0x3
 128 00ae 50       	 .byte 0x50
 129 00af 0A       	 .byte 0xa
 130 00b0 D0000000 	 .4byte 0xd0
 131 00b4 0B       	 .uleb128 0xb
 132 00b5 3B000000 	 .4byte .LASF14
 133 00b9 03       	 .byte 0x3
 134 00ba 50       	 .byte 0x50
 135 00bb 2B       	 .byte 0x2b
 136 00bc A6010000 	 .4byte .LASF16
 137 00c0 77030000 	 .4byte 0x377
 138 00c4 01       	 .byte 0x1
 139 00c5 C9000000 	 .4byte 0xc9
 140 00c9 0C       	 .uleb128 0xc
 141 00ca 77030000 	 .4byte 0x377
 142 00ce 00       	 .byte 0
 143 00cf 00       	 .byte 0
 144 00d0 0D       	 .uleb128 0xd
 145 00d1 A7000000 	 .4byte 0xa7
 146 00d5 0E       	 .uleb128 0xe
 147 00d6 5E060000 	 .4byte .LASF55
 148 00da 03       	 .byte 0x3
 149 00db 53       	 .byte 0x53
 150 00dc 35       	 .byte 0x35
 151 00dd D0000000 	 .4byte 0xd0
 152 00e1 01       	 .byte 0x1
 153 00e2 00       	 .byte 0
 154 00e3 0F       	 .uleb128 0xf
 155 00e4 7C060000 	 .4byte .LASF13
 156 00e8 02       	 .byte 0x2
 157 00e9 32       	 .byte 0x32
 158 00ea 0D       	 .byte 0xd
 159 00eb 10       	 .uleb128 0x10
 160 00ec 87030000 	 .4byte .LASF40
 161 00f0 04       	 .byte 0x4
 162 00f1 35       	 .byte 0x35
 163 00f2 0D       	 .byte 0xd
 164 00f3 E6020000 	 .4byte 0x2e6
 165 00f7 11       	 .uleb128 0x11
 166 00f8 C7010000 	 .4byte .LASF15
 167 00fc 04       	 .byte 0x4
 168 00fd 04       	 .byte 0x4
 169 00fe 50       	 .byte 0x50
 170 00ff 0B       	 .byte 0xb
 171 0100 D8020000 	 .4byte 0x2d8
ARM GAS   			page 4


 172 0104 12       	 .uleb128 0x12
 173 0105 AA050000 	 .4byte .LASF56
 174 0109 04       	 .byte 0x4
 175 010a 52       	 .byte 0x52
 176 010b 0D       	 .byte 0xd
 177 010c 6F000000 	 .4byte 0x6f
 178 0110 00       	 .byte 0
 179 0111 13       	 .uleb128 0x13
 180 0112 C7010000 	 .4byte .LASF15
 181 0116 04       	 .byte 0x4
 182 0117 54       	 .byte 0x54
 183 0118 10       	 .byte 0x10
 184 0119 D4000000 	 .4byte .LASF17
 185 011d 97030000 	 .4byte 0x397
 186 0121 29010000 	 .4byte 0x129
 187 0125 34010000 	 .4byte 0x134
 188 0129 0C       	 .uleb128 0xc
 189 012a 97030000 	 .4byte 0x397
 190 012e 14       	 .uleb128 0x14
 191 012f 6F000000 	 .4byte 0x6f
 192 0133 00       	 .byte 0
 193 0134 15       	 .uleb128 0x15
 194 0135 8E010000 	 .4byte .LASF18
 195 0139 04       	 .byte 0x4
 196 013a 56       	 .byte 0x56
 197 013b 0C       	 .byte 0xc
 198 013c 4C030000 	 .4byte .LASF20
 199 0140 48010000 	 .4byte 0x148
 200 0144 4E010000 	 .4byte 0x14e
 201 0148 0C       	 .uleb128 0xc
 202 0149 97030000 	 .4byte 0x397
 203 014d 00       	 .byte 0
 204 014e 15       	 .uleb128 0x15
 205 014f 2B000000 	 .4byte .LASF19
 206 0153 04       	 .byte 0x4
 207 0154 57       	 .byte 0x57
 208 0155 0C       	 .byte 0xc
 209 0156 2A060000 	 .4byte .LASF21
 210 015a 62010000 	 .4byte 0x162
 211 015e 68010000 	 .4byte 0x168
 212 0162 0C       	 .uleb128 0xc
 213 0163 97030000 	 .4byte 0x397
 214 0167 00       	 .byte 0
 215 0168 16       	 .uleb128 0x16
 216 0169 3B070000 	 .4byte .LASF31
 217 016d 04       	 .byte 0x4
 218 016e 59       	 .byte 0x59
 219 016f 0D       	 .byte 0xd
 220 0170 28010000 	 .4byte .LASF33
 221 0174 6F000000 	 .4byte 0x6f
 222 0178 80010000 	 .4byte 0x180
 223 017c 86010000 	 .4byte 0x186
 224 0180 0C       	 .uleb128 0xc
 225 0181 9D030000 	 .4byte 0x39d
 226 0185 00       	 .byte 0
 227 0186 17       	 .uleb128 0x17
 228 0187 C7010000 	 .4byte .LASF15
ARM GAS   			page 5


 229 018b 04       	 .byte 0x4
 230 018c 61       	 .byte 0x61
 231 018d 07       	 .byte 0x7
 232 018e C8050000 	 .4byte .LASF22
 233 0192 97030000 	 .4byte 0x397
 234 0196 01       	 .byte 0x1
 235 0197 9F010000 	 .4byte 0x19f
 236 019b A5010000 	 .4byte 0x1a5
 237 019f 0C       	 .uleb128 0xc
 238 01a0 97030000 	 .4byte 0x397
 239 01a4 00       	 .byte 0
 240 01a5 17       	 .uleb128 0x17
 241 01a6 C7010000 	 .4byte .LASF15
 242 01aa 04       	 .byte 0x4
 243 01ab 63       	 .byte 0x63
 244 01ac 07       	 .byte 0x7
 245 01ad 51000000 	 .4byte .LASF23
 246 01b1 97030000 	 .4byte 0x397
 247 01b5 01       	 .byte 0x1
 248 01b6 BE010000 	 .4byte 0x1be
 249 01ba C9010000 	 .4byte 0x1c9
 250 01be 0C       	 .uleb128 0xc
 251 01bf 97030000 	 .4byte 0x397
 252 01c3 14       	 .uleb128 0x14
 253 01c4 A3030000 	 .4byte 0x3a3
 254 01c8 00       	 .byte 0
 255 01c9 17       	 .uleb128 0x17
 256 01ca C7010000 	 .4byte .LASF15
 257 01ce 04       	 .byte 0x4
 258 01cf 66       	 .byte 0x66
 259 01d0 07       	 .byte 0x7
 260 01d1 42040000 	 .4byte .LASF24
 261 01d5 97030000 	 .4byte 0x397
 262 01d9 01       	 .byte 0x1
 263 01da E2010000 	 .4byte 0x1e2
 264 01de ED010000 	 .4byte 0x1ed
 265 01e2 0C       	 .uleb128 0xc
 266 01e3 97030000 	 .4byte 0x397
 267 01e7 14       	 .uleb128 0x14
 268 01e8 04030000 	 .4byte 0x304
 269 01ec 00       	 .byte 0
 270 01ed 17       	 .uleb128 0x17
 271 01ee C7010000 	 .4byte .LASF15
 272 01f2 04       	 .byte 0x4
 273 01f3 6A       	 .byte 0x6a
 274 01f4 07       	 .byte 0x7
 275 01f5 4E020000 	 .4byte .LASF25
 276 01f9 97030000 	 .4byte 0x397
 277 01fd 01       	 .byte 0x1
 278 01fe 06020000 	 .4byte 0x206
 279 0202 11020000 	 .4byte 0x211
 280 0206 0C       	 .uleb128 0xc
 281 0207 97030000 	 .4byte 0x397
 282 020b 14       	 .uleb128 0x14
 283 020c A9030000 	 .4byte 0x3a9
 284 0210 00       	 .byte 0
 285 0211 17       	 .uleb128 0x17
ARM GAS   			page 6


 286 0212 72060000 	 .4byte .LASF26
 287 0216 04       	 .byte 0x4
 288 0217 77       	 .byte 0x77
 289 0218 07       	 .byte 0x7
 290 0219 F2050000 	 .4byte .LASF27
 291 021d AF030000 	 .4byte 0x3af
 292 0221 01       	 .byte 0x1
 293 0222 2A020000 	 .4byte 0x22a
 294 0226 35020000 	 .4byte 0x235
 295 022a 0C       	 .uleb128 0xc
 296 022b 97030000 	 .4byte 0x397
 297 022f 14       	 .uleb128 0x14
 298 0230 A3030000 	 .4byte 0x3a3
 299 0234 00       	 .byte 0
 300 0235 17       	 .uleb128 0x17
 301 0236 72060000 	 .4byte .LASF26
 302 023a 04       	 .byte 0x4
 303 023b 7B       	 .byte 0x7b
 304 023c 07       	 .byte 0x7
 305 023d F7030000 	 .4byte .LASF28
 306 0241 AF030000 	 .4byte 0x3af
 307 0245 01       	 .byte 0x1
 308 0246 4E020000 	 .4byte 0x24e
 309 024a 59020000 	 .4byte 0x259
 310 024e 0C       	 .uleb128 0xc
 311 024f 97030000 	 .4byte 0x397
 312 0253 14       	 .uleb128 0x14
 313 0254 A9030000 	 .4byte 0x3a9
 314 0258 00       	 .byte 0
 315 0259 17       	 .uleb128 0x17
 316 025a 11020000 	 .4byte .LASF29
 317 025e 04       	 .byte 0x4
 318 025f 82       	 .byte 0x82
 319 0260 07       	 .byte 0x7
 320 0261 E7010000 	 .4byte .LASF30
 321 0265 6F000000 	 .4byte 0x6f
 322 0269 01       	 .byte 0x1
 323 026a 72020000 	 .4byte 0x272
 324 026e 7D020000 	 .4byte 0x27d
 325 0272 0C       	 .uleb128 0xc
 326 0273 97030000 	 .4byte 0x397
 327 0277 0C       	 .uleb128 0xc
 328 0278 1D000000 	 .4byte 0x1d
 329 027c 00       	 .byte 0
 330 027d 18       	 .uleb128 0x18
 331 027e 36000000 	 .4byte .LASF32
 332 0282 04       	 .byte 0x4
 333 0283 85       	 .byte 0x85
 334 0284 07       	 .byte 0x7
 335 0285 5E010000 	 .4byte .LASF34
 336 0289 01       	 .byte 0x1
 337 028a 92020000 	 .4byte 0x292
 338 028e 9D020000 	 .4byte 0x29d
 339 0292 0C       	 .uleb128 0xc
 340 0293 97030000 	 .4byte 0x397
 341 0297 14       	 .uleb128 0x14
 342 0298 AF030000 	 .4byte 0x3af
ARM GAS   			page 7


 343 029c 00       	 .byte 0
 344 029d 19       	 .uleb128 0x19
 345 029e EE020000 	 .4byte .LASF57
 346 02a2 04       	 .byte 0x4
 347 02a3 91       	 .byte 0x91
 348 02a4 10       	 .byte 0x10
 349 02a5 09030000 	 .4byte .LASF58
 350 02a9 5B030000 	 .4byte 0x35b
 351 02ad 01       	 .byte 0x1
 352 02ae B6020000 	 .4byte 0x2b6
 353 02b2 BC020000 	 .4byte 0x2bc
 354 02b6 0C       	 .uleb128 0xc
 355 02b7 9D030000 	 .4byte 0x39d
 356 02bb 00       	 .byte 0
 357 02bc 1A       	 .uleb128 0x1a
 358 02bd 0E000000 	 .4byte .LASF35
 359 02c1 04       	 .byte 0x4
 360 02c2 9A       	 .byte 0x9a
 361 02c3 07       	 .byte 0x7
 362 02c4 A3030000 	 .4byte .LASF36
 363 02c8 B5030000 	 .4byte 0x3b5
 364 02cc 01       	 .byte 0x1
 365 02cd D1020000 	 .4byte 0x2d1
 366 02d1 0C       	 .uleb128 0xc
 367 02d2 9D030000 	 .4byte 0x39d
 368 02d6 00       	 .byte 0
 369 02d7 00       	 .byte 0
 370 02d8 0D       	 .uleb128 0xd
 371 02d9 F7000000 	 .4byte 0xf7
 372 02dd 1B       	 .uleb128 0x1b
 373 02de 04       	 .byte 0x4
 374 02df 4A       	 .byte 0x4a
 375 02e0 10       	 .byte 0x10
 376 02e1 EE020000 	 .4byte 0x2ee
 377 02e5 00       	 .byte 0
 378 02e6 1B       	 .uleb128 0x1b
 379 02e7 04       	 .byte 0x4
 380 02e8 3A       	 .byte 0x3a
 381 02e9 1A       	 .byte 0x1a
 382 02ea F7000000 	 .4byte 0xf7
 383 02ee 1C       	 .uleb128 0x1c
 384 02ef 04010000 	 .4byte .LASF37
 385 02f3 04       	 .byte 0x4
 386 02f4 46       	 .byte 0x46
 387 02f5 08       	 .byte 0x8
 388 02f6 98000000 	 .4byte .LASF38
 389 02fa 04030000 	 .4byte 0x304
 390 02fe 14       	 .uleb128 0x14
 391 02ff F7000000 	 .4byte 0xf7
 392 0303 00       	 .byte 0
 393 0304 1D       	 .uleb128 0x1d
 394 0305 29020000 	 .4byte .LASF59
 395 0309 06       	 .byte 0x6
 396 030a 0C01     	 .2byte 0x10c
 397 030c 1D       	 .byte 0x1d
 398 030d 39000000 	 .4byte 0x39
 399 0311 1E       	 .uleb128 0x1e
ARM GAS   			page 8


 400 0312 20060000 	 .4byte .LASF60
 401 0316 0D       	 .uleb128 0xd
 402 0317 11030000 	 .4byte 0x311
 403 031b 09       	 .uleb128 0x9
 404 031c 34040000 	 .4byte .LASF39
 405 0320 05       	 .byte 0x5
 406 0321 FC04     	 .2byte 0x4fc
 407 0323 0D       	 .byte 0xd
 408 0324 00       	 .byte 0
 409 0325 1F       	 .uleb128 0x1f
 410 0326 2A040000 	 .4byte .LASF41
 411 032a 06       	 .byte 0x6
 412 032b 2001     	 .2byte 0x120
 413 032d 0B       	 .byte 0xb
 414 032e 4D030000 	 .4byte 0x34d
 415 0332 07       	 .uleb128 0x7
 416 0333 23000000 	 .4byte .LASF42
 417 0337 06       	 .byte 0x6
 418 0338 2201     	 .2byte 0x122
 419 033a 41       	 .byte 0x41
 420 033b 08       	 .uleb128 0x8
 421 033c 06       	 .byte 0x6
 422 033d 2201     	 .2byte 0x122
 423 033f 41       	 .byte 0x41
 424 0340 32030000 	 .4byte 0x332
 425 0344 0F       	 .uleb128 0xf
 426 0345 24040000 	 .4byte .LASF43
 427 0349 07       	 .byte 0x7
 428 034a 23       	 .byte 0x23
 429 034b 0B       	 .byte 0xb
 430 034c 00       	 .byte 0
 431 034d 03       	 .uleb128 0x3
 432 034e 08       	 .byte 0x8
 433 034f 04       	 .byte 0x4
 434 0350 33020000 	 .4byte .LASF44
 435 0354 03       	 .uleb128 0x3
 436 0355 04       	 .byte 0x4
 437 0356 04       	 .byte 0x4
 438 0357 58010000 	 .4byte .LASF45
 439 035b 03       	 .uleb128 0x3
 440 035c 01       	 .byte 0x1
 441 035d 02       	 .byte 0x2
 442 035e FF000000 	 .4byte .LASF46
 443 0362 03       	 .uleb128 0x3
 444 0363 04       	 .byte 0x4
 445 0364 07       	 .byte 0x7
 446 0365 DA020000 	 .4byte .LASF47
 447 0369 03       	 .uleb128 0x3
 448 036a 02       	 .byte 0x2
 449 036b 10       	 .byte 0x10
 450 036c 7E030000 	 .4byte .LASF48
 451 0370 03       	 .uleb128 0x3
 452 0371 04       	 .byte 0x4
 453 0372 10       	 .byte 0x10
 454 0373 E2030000 	 .4byte .LASF49
 455 0377 20       	 .uleb128 0x20
 456 0378 04       	 .byte 0x4
ARM GAS   			page 9


 457 0379 A7000000 	 .4byte 0xa7
 458 037d 21       	 .uleb128 0x21
 459 037e D5000000 	 .4byte 0xd5
 460 0382 10       	 .uleb128 0x10
 461 0383 E2020000 	 .4byte .LASF50
 462 0387 02       	 .byte 0x2
 463 0388 38       	 .byte 0x38
 464 0389 0B       	 .byte 0xb
 465 038a 97030000 	 .4byte 0x397
 466 038e 22       	 .uleb128 0x22
 467 038f 02       	 .byte 0x2
 468 0390 3A       	 .byte 0x3a
 469 0391 18       	 .byte 0x18
 470 0392 E3000000 	 .4byte 0xe3
 471 0396 00       	 .byte 0
 472 0397 20       	 .uleb128 0x20
 473 0398 04       	 .byte 0x4
 474 0399 F7000000 	 .4byte 0xf7
 475 039d 20       	 .uleb128 0x20
 476 039e 04       	 .byte 0x4
 477 039f D8020000 	 .4byte 0x2d8
 478 03a3 23       	 .uleb128 0x23
 479 03a4 04       	 .byte 0x4
 480 03a5 D8020000 	 .4byte 0x2d8
 481 03a9 24       	 .uleb128 0x24
 482 03aa 04       	 .byte 0x4
 483 03ab F7000000 	 .4byte 0xf7
 484 03af 23       	 .uleb128 0x23
 485 03b0 04       	 .byte 0x4
 486 03b1 F7000000 	 .4byte 0xf7
 487 03b5 20       	 .uleb128 0x20
 488 03b6 04       	 .byte 0x4
 489 03b7 16030000 	 .4byte 0x316
 490 03bb 00       	 .byte 0
 491              	 .section .debug_abbrev,"",%progbits
 492              	.Ldebug_abbrev0:
 493 0000 01       	 .uleb128 0x1
 494 0001 11       	 .uleb128 0x11
 495 0002 01       	 .byte 0x1
 496 0003 25       	 .uleb128 0x25
 497 0004 0E       	 .uleb128 0xe
 498 0005 13       	 .uleb128 0x13
 499 0006 0B       	 .uleb128 0xb
 500 0007 03       	 .uleb128 0x3
 501 0008 0E       	 .uleb128 0xe
 502 0009 1B       	 .uleb128 0x1b
 503 000a 0E       	 .uleb128 0xe
 504 000b 10       	 .uleb128 0x10
 505 000c 17       	 .uleb128 0x17
 506 000d 00       	 .byte 0
 507 000e 00       	 .byte 0
 508 000f 02       	 .uleb128 0x2
 509 0010 24       	 .uleb128 0x24
 510 0011 00       	 .byte 0
 511 0012 0B       	 .uleb128 0xb
 512 0013 0B       	 .uleb128 0xb
 513 0014 3E       	 .uleb128 0x3e
ARM GAS   			page 10


 514 0015 0B       	 .uleb128 0xb
 515 0016 03       	 .uleb128 0x3
 516 0017 08       	 .uleb128 0x8
 517 0018 00       	 .byte 0
 518 0019 00       	 .byte 0
 519 001a 03       	 .uleb128 0x3
 520 001b 24       	 .uleb128 0x24
 521 001c 00       	 .byte 0
 522 001d 0B       	 .uleb128 0xb
 523 001e 0B       	 .uleb128 0xb
 524 001f 3E       	 .uleb128 0x3e
 525 0020 0B       	 .uleb128 0xb
 526 0021 03       	 .uleb128 0x3
 527 0022 0E       	 .uleb128 0xe
 528 0023 00       	 .byte 0
 529 0024 00       	 .byte 0
 530 0025 04       	 .uleb128 0x4
 531 0026 3B       	 .uleb128 0x3b
 532 0027 00       	 .byte 0
 533 0028 03       	 .uleb128 0x3
 534 0029 0E       	 .uleb128 0xe
 535 002a 00       	 .byte 0
 536 002b 00       	 .byte 0
 537 002c 05       	 .uleb128 0x5
 538 002d 0F       	 .uleb128 0xf
 539 002e 00       	 .byte 0
 540 002f 0B       	 .uleb128 0xb
 541 0030 0B       	 .uleb128 0xb
 542 0031 00       	 .byte 0
 543 0032 00       	 .byte 0
 544 0033 06       	 .uleb128 0x6
 545 0034 39       	 .uleb128 0x39
 546 0035 01       	 .byte 0x1
 547 0036 03       	 .uleb128 0x3
 548 0037 08       	 .uleb128 0x8
 549 0038 3A       	 .uleb128 0x3a
 550 0039 0B       	 .uleb128 0xb
 551 003a 3B       	 .uleb128 0x3b
 552 003b 0B       	 .uleb128 0xb
 553 003c 01       	 .uleb128 0x1
 554 003d 13       	 .uleb128 0x13
 555 003e 00       	 .byte 0
 556 003f 00       	 .byte 0
 557 0040 07       	 .uleb128 0x7
 558 0041 39       	 .uleb128 0x39
 559 0042 00       	 .byte 0
 560 0043 03       	 .uleb128 0x3
 561 0044 0E       	 .uleb128 0xe
 562 0045 3A       	 .uleb128 0x3a
 563 0046 0B       	 .uleb128 0xb
 564 0047 3B       	 .uleb128 0x3b
 565 0048 05       	 .uleb128 0x5
 566 0049 39       	 .uleb128 0x39
 567 004a 0B       	 .uleb128 0xb
 568 004b 8901     	 .uleb128 0x89
 569 004d 19       	 .uleb128 0x19
 570 004e 00       	 .byte 0
ARM GAS   			page 11


 571 004f 00       	 .byte 0
 572 0050 08       	 .uleb128 0x8
 573 0051 3A       	 .uleb128 0x3a
 574 0052 00       	 .byte 0
 575 0053 3A       	 .uleb128 0x3a
 576 0054 0B       	 .uleb128 0xb
 577 0055 3B       	 .uleb128 0x3b
 578 0056 05       	 .uleb128 0x5
 579 0057 39       	 .uleb128 0x39
 580 0058 0B       	 .uleb128 0xb
 581 0059 18       	 .uleb128 0x18
 582 005a 13       	 .uleb128 0x13
 583 005b 00       	 .byte 0
 584 005c 00       	 .byte 0
 585 005d 09       	 .uleb128 0x9
 586 005e 39       	 .uleb128 0x39
 587 005f 00       	 .byte 0
 588 0060 03       	 .uleb128 0x3
 589 0061 0E       	 .uleb128 0xe
 590 0062 3A       	 .uleb128 0x3a
 591 0063 0B       	 .uleb128 0xb
 592 0064 3B       	 .uleb128 0x3b
 593 0065 05       	 .uleb128 0x5
 594 0066 39       	 .uleb128 0x39
 595 0067 0B       	 .uleb128 0xb
 596 0068 00       	 .byte 0
 597 0069 00       	 .byte 0
 598 006a 0A       	 .uleb128 0xa
 599 006b 13       	 .uleb128 0x13
 600 006c 01       	 .byte 0x1
 601 006d 03       	 .uleb128 0x3
 602 006e 0E       	 .uleb128 0xe
 603 006f 0B       	 .uleb128 0xb
 604 0070 0B       	 .uleb128 0xb
 605 0071 3A       	 .uleb128 0x3a
 606 0072 0B       	 .uleb128 0xb
 607 0073 3B       	 .uleb128 0x3b
 608 0074 0B       	 .uleb128 0xb
 609 0075 39       	 .uleb128 0x39
 610 0076 0B       	 .uleb128 0xb
 611 0077 01       	 .uleb128 0x1
 612 0078 13       	 .uleb128 0x13
 613 0079 00       	 .byte 0
 614 007a 00       	 .byte 0
 615 007b 0B       	 .uleb128 0xb
 616 007c 2E       	 .uleb128 0x2e
 617 007d 01       	 .byte 0x1
 618 007e 3F       	 .uleb128 0x3f
 619 007f 19       	 .uleb128 0x19
 620 0080 03       	 .uleb128 0x3
 621 0081 0E       	 .uleb128 0xe
 622 0082 3A       	 .uleb128 0x3a
 623 0083 0B       	 .uleb128 0xb
 624 0084 3B       	 .uleb128 0x3b
 625 0085 0B       	 .uleb128 0xb
 626 0086 39       	 .uleb128 0x39
 627 0087 0B       	 .uleb128 0xb
ARM GAS   			page 12


 628 0088 6E       	 .uleb128 0x6e
 629 0089 0E       	 .uleb128 0xe
 630 008a 49       	 .uleb128 0x49
 631 008b 13       	 .uleb128 0x13
 632 008c 3C       	 .uleb128 0x3c
 633 008d 19       	 .uleb128 0x19
 634 008e 63       	 .uleb128 0x63
 635 008f 19       	 .uleb128 0x19
 636 0090 8B01     	 .uleb128 0x8b
 637 0092 0B       	 .uleb128 0xb
 638 0093 64       	 .uleb128 0x64
 639 0094 13       	 .uleb128 0x13
 640 0095 00       	 .byte 0
 641 0096 00       	 .byte 0
 642 0097 0C       	 .uleb128 0xc
 643 0098 05       	 .uleb128 0x5
 644 0099 00       	 .byte 0
 645 009a 49       	 .uleb128 0x49
 646 009b 13       	 .uleb128 0x13
 647 009c 34       	 .uleb128 0x34
 648 009d 19       	 .uleb128 0x19
 649 009e 00       	 .byte 0
 650 009f 00       	 .byte 0
 651 00a0 0D       	 .uleb128 0xd
 652 00a1 26       	 .uleb128 0x26
 653 00a2 00       	 .byte 0
 654 00a3 49       	 .uleb128 0x49
 655 00a4 13       	 .uleb128 0x13
 656 00a5 00       	 .byte 0
 657 00a6 00       	 .byte 0
 658 00a7 0E       	 .uleb128 0xe
 659 00a8 34       	 .uleb128 0x34
 660 00a9 00       	 .byte 0
 661 00aa 03       	 .uleb128 0x3
 662 00ab 0E       	 .uleb128 0xe
 663 00ac 3A       	 .uleb128 0x3a
 664 00ad 0B       	 .uleb128 0xb
 665 00ae 3B       	 .uleb128 0x3b
 666 00af 0B       	 .uleb128 0xb
 667 00b0 39       	 .uleb128 0x39
 668 00b1 0B       	 .uleb128 0xb
 669 00b2 49       	 .uleb128 0x49
 670 00b3 13       	 .uleb128 0x13
 671 00b4 3C       	 .uleb128 0x3c
 672 00b5 19       	 .uleb128 0x19
 673 00b6 1C       	 .uleb128 0x1c
 674 00b7 0A       	 .uleb128 0xa
 675 00b8 6C       	 .uleb128 0x6c
 676 00b9 19       	 .uleb128 0x19
 677 00ba 00       	 .byte 0
 678 00bb 00       	 .byte 0
 679 00bc 0F       	 .uleb128 0xf
 680 00bd 39       	 .uleb128 0x39
 681 00be 00       	 .byte 0
 682 00bf 03       	 .uleb128 0x3
 683 00c0 0E       	 .uleb128 0xe
 684 00c1 3A       	 .uleb128 0x3a
ARM GAS   			page 13


 685 00c2 0B       	 .uleb128 0xb
 686 00c3 3B       	 .uleb128 0x3b
 687 00c4 0B       	 .uleb128 0xb
 688 00c5 39       	 .uleb128 0x39
 689 00c6 0B       	 .uleb128 0xb
 690 00c7 00       	 .byte 0
 691 00c8 00       	 .byte 0
 692 00c9 10       	 .uleb128 0x10
 693 00ca 39       	 .uleb128 0x39
 694 00cb 01       	 .byte 0x1
 695 00cc 03       	 .uleb128 0x3
 696 00cd 0E       	 .uleb128 0xe
 697 00ce 3A       	 .uleb128 0x3a
 698 00cf 0B       	 .uleb128 0xb
 699 00d0 3B       	 .uleb128 0x3b
 700 00d1 0B       	 .uleb128 0xb
 701 00d2 39       	 .uleb128 0x39
 702 00d3 0B       	 .uleb128 0xb
 703 00d4 01       	 .uleb128 0x1
 704 00d5 13       	 .uleb128 0x13
 705 00d6 00       	 .byte 0
 706 00d7 00       	 .byte 0
 707 00d8 11       	 .uleb128 0x11
 708 00d9 02       	 .uleb128 0x2
 709 00da 01       	 .byte 0x1
 710 00db 03       	 .uleb128 0x3
 711 00dc 0E       	 .uleb128 0xe
 712 00dd 0B       	 .uleb128 0xb
 713 00de 0B       	 .uleb128 0xb
 714 00df 3A       	 .uleb128 0x3a
 715 00e0 0B       	 .uleb128 0xb
 716 00e1 3B       	 .uleb128 0x3b
 717 00e2 0B       	 .uleb128 0xb
 718 00e3 39       	 .uleb128 0x39
 719 00e4 0B       	 .uleb128 0xb
 720 00e5 01       	 .uleb128 0x1
 721 00e6 13       	 .uleb128 0x13
 722 00e7 00       	 .byte 0
 723 00e8 00       	 .byte 0
 724 00e9 12       	 .uleb128 0x12
 725 00ea 0D       	 .uleb128 0xd
 726 00eb 00       	 .byte 0
 727 00ec 03       	 .uleb128 0x3
 728 00ed 0E       	 .uleb128 0xe
 729 00ee 3A       	 .uleb128 0x3a
 730 00ef 0B       	 .uleb128 0xb
 731 00f0 3B       	 .uleb128 0x3b
 732 00f1 0B       	 .uleb128 0xb
 733 00f2 39       	 .uleb128 0x39
 734 00f3 0B       	 .uleb128 0xb
 735 00f4 49       	 .uleb128 0x49
 736 00f5 13       	 .uleb128 0x13
 737 00f6 38       	 .uleb128 0x38
 738 00f7 0B       	 .uleb128 0xb
 739 00f8 00       	 .byte 0
 740 00f9 00       	 .byte 0
 741 00fa 13       	 .uleb128 0x13
ARM GAS   			page 14


 742 00fb 2E       	 .uleb128 0x2e
 743 00fc 01       	 .byte 0x1
 744 00fd 3F       	 .uleb128 0x3f
 745 00fe 19       	 .uleb128 0x19
 746 00ff 03       	 .uleb128 0x3
 747 0100 0E       	 .uleb128 0xe
 748 0101 3A       	 .uleb128 0x3a
 749 0102 0B       	 .uleb128 0xb
 750 0103 3B       	 .uleb128 0x3b
 751 0104 0B       	 .uleb128 0xb
 752 0105 39       	 .uleb128 0x39
 753 0106 0B       	 .uleb128 0xb
 754 0107 6E       	 .uleb128 0x6e
 755 0108 0E       	 .uleb128 0xe
 756 0109 49       	 .uleb128 0x49
 757 010a 13       	 .uleb128 0x13
 758 010b 3C       	 .uleb128 0x3c
 759 010c 19       	 .uleb128 0x19
 760 010d 63       	 .uleb128 0x63
 761 010e 19       	 .uleb128 0x19
 762 010f 64       	 .uleb128 0x64
 763 0110 13       	 .uleb128 0x13
 764 0111 01       	 .uleb128 0x1
 765 0112 13       	 .uleb128 0x13
 766 0113 00       	 .byte 0
 767 0114 00       	 .byte 0
 768 0115 14       	 .uleb128 0x14
 769 0116 05       	 .uleb128 0x5
 770 0117 00       	 .byte 0
 771 0118 49       	 .uleb128 0x49
 772 0119 13       	 .uleb128 0x13
 773 011a 00       	 .byte 0
 774 011b 00       	 .byte 0
 775 011c 15       	 .uleb128 0x15
 776 011d 2E       	 .uleb128 0x2e
 777 011e 01       	 .byte 0x1
 778 011f 3F       	 .uleb128 0x3f
 779 0120 19       	 .uleb128 0x19
 780 0121 03       	 .uleb128 0x3
 781 0122 0E       	 .uleb128 0xe
 782 0123 3A       	 .uleb128 0x3a
 783 0124 0B       	 .uleb128 0xb
 784 0125 3B       	 .uleb128 0x3b
 785 0126 0B       	 .uleb128 0xb
 786 0127 39       	 .uleb128 0x39
 787 0128 0B       	 .uleb128 0xb
 788 0129 6E       	 .uleb128 0x6e
 789 012a 0E       	 .uleb128 0xe
 790 012b 3C       	 .uleb128 0x3c
 791 012c 19       	 .uleb128 0x19
 792 012d 64       	 .uleb128 0x64
 793 012e 13       	 .uleb128 0x13
 794 012f 01       	 .uleb128 0x1
 795 0130 13       	 .uleb128 0x13
 796 0131 00       	 .byte 0
 797 0132 00       	 .byte 0
 798 0133 16       	 .uleb128 0x16
ARM GAS   			page 15


 799 0134 2E       	 .uleb128 0x2e
 800 0135 01       	 .byte 0x1
 801 0136 3F       	 .uleb128 0x3f
 802 0137 19       	 .uleb128 0x19
 803 0138 03       	 .uleb128 0x3
 804 0139 0E       	 .uleb128 0xe
 805 013a 3A       	 .uleb128 0x3a
 806 013b 0B       	 .uleb128 0xb
 807 013c 3B       	 .uleb128 0x3b
 808 013d 0B       	 .uleb128 0xb
 809 013e 39       	 .uleb128 0x39
 810 013f 0B       	 .uleb128 0xb
 811 0140 6E       	 .uleb128 0x6e
 812 0141 0E       	 .uleb128 0xe
 813 0142 49       	 .uleb128 0x49
 814 0143 13       	 .uleb128 0x13
 815 0144 3C       	 .uleb128 0x3c
 816 0145 19       	 .uleb128 0x19
 817 0146 64       	 .uleb128 0x64
 818 0147 13       	 .uleb128 0x13
 819 0148 01       	 .uleb128 0x1
 820 0149 13       	 .uleb128 0x13
 821 014a 00       	 .byte 0
 822 014b 00       	 .byte 0
 823 014c 17       	 .uleb128 0x17
 824 014d 2E       	 .uleb128 0x2e
 825 014e 01       	 .byte 0x1
 826 014f 3F       	 .uleb128 0x3f
 827 0150 19       	 .uleb128 0x19
 828 0151 03       	 .uleb128 0x3
 829 0152 0E       	 .uleb128 0xe
 830 0153 3A       	 .uleb128 0x3a
 831 0154 0B       	 .uleb128 0xb
 832 0155 3B       	 .uleb128 0x3b
 833 0156 0B       	 .uleb128 0xb
 834 0157 39       	 .uleb128 0x39
 835 0158 0B       	 .uleb128 0xb
 836 0159 6E       	 .uleb128 0x6e
 837 015a 0E       	 .uleb128 0xe
 838 015b 49       	 .uleb128 0x49
 839 015c 13       	 .uleb128 0x13
 840 015d 32       	 .uleb128 0x32
 841 015e 0B       	 .uleb128 0xb
 842 015f 3C       	 .uleb128 0x3c
 843 0160 19       	 .uleb128 0x19
 844 0161 64       	 .uleb128 0x64
 845 0162 13       	 .uleb128 0x13
 846 0163 01       	 .uleb128 0x1
 847 0164 13       	 .uleb128 0x13
 848 0165 00       	 .byte 0
 849 0166 00       	 .byte 0
 850 0167 18       	 .uleb128 0x18
 851 0168 2E       	 .uleb128 0x2e
 852 0169 01       	 .byte 0x1
 853 016a 3F       	 .uleb128 0x3f
 854 016b 19       	 .uleb128 0x19
 855 016c 03       	 .uleb128 0x3
ARM GAS   			page 16


 856 016d 0E       	 .uleb128 0xe
 857 016e 3A       	 .uleb128 0x3a
 858 016f 0B       	 .uleb128 0xb
 859 0170 3B       	 .uleb128 0x3b
 860 0171 0B       	 .uleb128 0xb
 861 0172 39       	 .uleb128 0x39
 862 0173 0B       	 .uleb128 0xb
 863 0174 6E       	 .uleb128 0x6e
 864 0175 0E       	 .uleb128 0xe
 865 0176 32       	 .uleb128 0x32
 866 0177 0B       	 .uleb128 0xb
 867 0178 3C       	 .uleb128 0x3c
 868 0179 19       	 .uleb128 0x19
 869 017a 64       	 .uleb128 0x64
 870 017b 13       	 .uleb128 0x13
 871 017c 01       	 .uleb128 0x1
 872 017d 13       	 .uleb128 0x13
 873 017e 00       	 .byte 0
 874 017f 00       	 .byte 0
 875 0180 19       	 .uleb128 0x19
 876 0181 2E       	 .uleb128 0x2e
 877 0182 01       	 .byte 0x1
 878 0183 3F       	 .uleb128 0x3f
 879 0184 19       	 .uleb128 0x19
 880 0185 03       	 .uleb128 0x3
 881 0186 0E       	 .uleb128 0xe
 882 0187 3A       	 .uleb128 0x3a
 883 0188 0B       	 .uleb128 0xb
 884 0189 3B       	 .uleb128 0x3b
 885 018a 0B       	 .uleb128 0xb
 886 018b 39       	 .uleb128 0x39
 887 018c 0B       	 .uleb128 0xb
 888 018d 6E       	 .uleb128 0x6e
 889 018e 0E       	 .uleb128 0xe
 890 018f 49       	 .uleb128 0x49
 891 0190 13       	 .uleb128 0x13
 892 0191 32       	 .uleb128 0x32
 893 0192 0B       	 .uleb128 0xb
 894 0193 3C       	 .uleb128 0x3c
 895 0194 19       	 .uleb128 0x19
 896 0195 63       	 .uleb128 0x63
 897 0196 19       	 .uleb128 0x19
 898 0197 64       	 .uleb128 0x64
 899 0198 13       	 .uleb128 0x13
 900 0199 01       	 .uleb128 0x1
 901 019a 13       	 .uleb128 0x13
 902 019b 00       	 .byte 0
 903 019c 00       	 .byte 0
 904 019d 1A       	 .uleb128 0x1a
 905 019e 2E       	 .uleb128 0x2e
 906 019f 01       	 .byte 0x1
 907 01a0 3F       	 .uleb128 0x3f
 908 01a1 19       	 .uleb128 0x19
 909 01a2 03       	 .uleb128 0x3
 910 01a3 0E       	 .uleb128 0xe
 911 01a4 3A       	 .uleb128 0x3a
 912 01a5 0B       	 .uleb128 0xb
ARM GAS   			page 17


 913 01a6 3B       	 .uleb128 0x3b
 914 01a7 0B       	 .uleb128 0xb
 915 01a8 39       	 .uleb128 0x39
 916 01a9 0B       	 .uleb128 0xb
 917 01aa 6E       	 .uleb128 0x6e
 918 01ab 0E       	 .uleb128 0xe
 919 01ac 49       	 .uleb128 0x49
 920 01ad 13       	 .uleb128 0x13
 921 01ae 32       	 .uleb128 0x32
 922 01af 0B       	 .uleb128 0xb
 923 01b0 3C       	 .uleb128 0x3c
 924 01b1 19       	 .uleb128 0x19
 925 01b2 64       	 .uleb128 0x64
 926 01b3 13       	 .uleb128 0x13
 927 01b4 00       	 .byte 0
 928 01b5 00       	 .byte 0
 929 01b6 1B       	 .uleb128 0x1b
 930 01b7 08       	 .uleb128 0x8
 931 01b8 00       	 .byte 0
 932 01b9 3A       	 .uleb128 0x3a
 933 01ba 0B       	 .uleb128 0xb
 934 01bb 3B       	 .uleb128 0x3b
 935 01bc 0B       	 .uleb128 0xb
 936 01bd 39       	 .uleb128 0x39
 937 01be 0B       	 .uleb128 0xb
 938 01bf 18       	 .uleb128 0x18
 939 01c0 13       	 .uleb128 0x13
 940 01c1 00       	 .byte 0
 941 01c2 00       	 .byte 0
 942 01c3 1C       	 .uleb128 0x1c
 943 01c4 2E       	 .uleb128 0x2e
 944 01c5 01       	 .byte 0x1
 945 01c6 3F       	 .uleb128 0x3f
 946 01c7 19       	 .uleb128 0x19
 947 01c8 03       	 .uleb128 0x3
 948 01c9 0E       	 .uleb128 0xe
 949 01ca 3A       	 .uleb128 0x3a
 950 01cb 0B       	 .uleb128 0xb
 951 01cc 3B       	 .uleb128 0x3b
 952 01cd 0B       	 .uleb128 0xb
 953 01ce 39       	 .uleb128 0x39
 954 01cf 0B       	 .uleb128 0xb
 955 01d0 6E       	 .uleb128 0x6e
 956 01d1 0E       	 .uleb128 0xe
 957 01d2 8701     	 .uleb128 0x87
 958 01d4 19       	 .uleb128 0x19
 959 01d5 3C       	 .uleb128 0x3c
 960 01d6 19       	 .uleb128 0x19
 961 01d7 01       	 .uleb128 0x1
 962 01d8 13       	 .uleb128 0x13
 963 01d9 00       	 .byte 0
 964 01da 00       	 .byte 0
 965 01db 1D       	 .uleb128 0x1d
 966 01dc 16       	 .uleb128 0x16
 967 01dd 00       	 .byte 0
 968 01de 03       	 .uleb128 0x3
 969 01df 0E       	 .uleb128 0xe
ARM GAS   			page 18


 970 01e0 3A       	 .uleb128 0x3a
 971 01e1 0B       	 .uleb128 0xb
 972 01e2 3B       	 .uleb128 0x3b
 973 01e3 05       	 .uleb128 0x5
 974 01e4 39       	 .uleb128 0x39
 975 01e5 0B       	 .uleb128 0xb
 976 01e6 49       	 .uleb128 0x49
 977 01e7 13       	 .uleb128 0x13
 978 01e8 00       	 .byte 0
 979 01e9 00       	 .byte 0
 980 01ea 1E       	 .uleb128 0x1e
 981 01eb 02       	 .uleb128 0x2
 982 01ec 00       	 .byte 0
 983 01ed 03       	 .uleb128 0x3
 984 01ee 0E       	 .uleb128 0xe
 985 01ef 3C       	 .uleb128 0x3c
 986 01f0 19       	 .uleb128 0x19
 987 01f1 00       	 .byte 0
 988 01f2 00       	 .byte 0
 989 01f3 1F       	 .uleb128 0x1f
 990 01f4 39       	 .uleb128 0x39
 991 01f5 01       	 .byte 0x1
 992 01f6 03       	 .uleb128 0x3
 993 01f7 0E       	 .uleb128 0xe
 994 01f8 3A       	 .uleb128 0x3a
 995 01f9 0B       	 .uleb128 0xb
 996 01fa 3B       	 .uleb128 0x3b
 997 01fb 05       	 .uleb128 0x5
 998 01fc 39       	 .uleb128 0x39
 999 01fd 0B       	 .uleb128 0xb
 1000 01fe 01       	 .uleb128 0x1
 1001 01ff 13       	 .uleb128 0x13
 1002 0200 00       	 .byte 0
 1003 0201 00       	 .byte 0
 1004 0202 20       	 .uleb128 0x20
 1005 0203 0F       	 .uleb128 0xf
 1006 0204 00       	 .byte 0
 1007 0205 0B       	 .uleb128 0xb
 1008 0206 0B       	 .uleb128 0xb
 1009 0207 49       	 .uleb128 0x49
 1010 0208 13       	 .uleb128 0x13
 1011 0209 00       	 .byte 0
 1012 020a 00       	 .byte 0
 1013 020b 21       	 .uleb128 0x21
 1014 020c 34       	 .uleb128 0x34
 1015 020d 00       	 .byte 0
 1016 020e 47       	 .uleb128 0x47
 1017 020f 13       	 .uleb128 0x13
 1018 0210 00       	 .byte 0
 1019 0211 00       	 .byte 0
 1020 0212 22       	 .uleb128 0x22
 1021 0213 3A       	 .uleb128 0x3a
 1022 0214 00       	 .byte 0
 1023 0215 3A       	 .uleb128 0x3a
 1024 0216 0B       	 .uleb128 0xb
 1025 0217 3B       	 .uleb128 0x3b
 1026 0218 0B       	 .uleb128 0xb
ARM GAS   			page 19


 1027 0219 39       	 .uleb128 0x39
 1028 021a 0B       	 .uleb128 0xb
 1029 021b 18       	 .uleb128 0x18
 1030 021c 13       	 .uleb128 0x13
 1031 021d 00       	 .byte 0
 1032 021e 00       	 .byte 0
 1033 021f 23       	 .uleb128 0x23
 1034 0220 10       	 .uleb128 0x10
 1035 0221 00       	 .byte 0
 1036 0222 0B       	 .uleb128 0xb
 1037 0223 0B       	 .uleb128 0xb
 1038 0224 49       	 .uleb128 0x49
 1039 0225 13       	 .uleb128 0x13
 1040 0226 00       	 .byte 0
 1041 0227 00       	 .byte 0
 1042 0228 24       	 .uleb128 0x24
 1043 0229 42       	 .uleb128 0x42
 1044 022a 00       	 .byte 0
 1045 022b 0B       	 .uleb128 0xb
 1046 022c 0B       	 .uleb128 0xb
 1047 022d 49       	 .uleb128 0x49
 1048 022e 13       	 .uleb128 0x13
 1049 022f 00       	 .byte 0
 1050 0230 00       	 .byte 0
 1051 0231 00       	 .byte 0
 1052              	 .section .debug_aranges,"",%progbits
 1053 0000 14000000 	 .4byte 0x14
 1054 0004 0200     	 .2byte 0x2
 1055 0006 00000000 	 .4byte .Ldebug_info0
 1056 000a 04       	 .byte 0x4
 1057 000b 00       	 .byte 0
 1058 000c 0000     	 .2byte 0
 1059 000e 0000     	 .2byte 0
 1060 0010 00000000 	 .4byte 0
 1061 0014 00000000 	 .4byte 0
 1062              	 .section .debug_line,"",%progbits
 1063              	.Ldebug_line0:
 1064 0000 D1010000 	 .section .debug_str,"MS",%progbits,1
 1064      0300CB01 
 1064      00000201 
 1064      FB0E0D00 
 1064      01010101 
 1065              	.LASF1:
 1066 0000 6C6F6E67 	 .ascii "long long int\000"
 1066      206C6F6E 
 1066      6720696E 
 1066      7400
 1067              	.LASF35:
 1068 000e 5F5F6378 	 .ascii "__cxa_exception_type\000"
 1068      615F6578 
 1068      63657074 
 1068      696F6E5F 
 1068      74797065 
 1069              	.LASF42:
 1070 0023 5F5F6378 	 .ascii "__cxx11\000"
 1070      78313100 
 1071              	.LASF19:
ARM GAS   			page 20


 1072 002b 5F4D5F72 	 .ascii "_M_release\000"
 1072      656C6561 
 1072      736500
 1073              	.LASF32:
 1074 0036 73776170 	 .ascii "swap\000"
 1074      00
 1075              	.LASF14:
 1076 003b 70696563 	 .ascii "piecewise_construct_t\000"
 1076      65776973 
 1076      655F636F 
 1076      6E737472 
 1076      7563745F 
 1077              	.LASF23:
 1078 0051 5F5A4E53 	 .ascii "_ZNSt15__exception_ptr13exception_ptrC4ERKS0_\000"
 1078      7431355F 
 1078      5F657863 
 1078      65707469 
 1078      6F6E5F70 
 1079              	.LASF12:
 1080 007f 5F5F7377 	 .ascii "__swappable_with_details\000"
 1080      61707061 
 1080      626C655F 
 1080      77697468 
 1080      5F646574 
 1081              	.LASF38:
 1082 0098 5F5A5374 	 .ascii "_ZSt17rethrow_exceptionNSt15__exception_ptr13except"
 1082      31377265 
 1082      7468726F 
 1082      775F6578 
 1082      63657074 
 1083 00cb 696F6E5F 	 .ascii "ion_ptrE\000"
 1083      70747245 
 1083      00
 1084              	.LASF17:
 1085 00d4 5F5A4E53 	 .ascii "_ZNSt15__exception_ptr13exception_ptrC4EPv\000"
 1085      7431355F 
 1085      5F657863 
 1085      65707469 
 1085      6F6E5F70 
 1086              	.LASF46:
 1087 00ff 626F6F6C 	 .ascii "bool\000"
 1087      00
 1088              	.LASF37:
 1089 0104 72657468 	 .ascii "rethrow_exception\000"
 1089      726F775F 
 1089      65786365 
 1089      7074696F 
 1089      6E00
 1090              	.LASF54:
 1091 0116 6465636C 	 .ascii "decltype(nullptr)\000"
 1091      74797065 
 1091      286E756C 
 1091      6C707472 
 1091      2900
 1092              	.LASF33:
 1093 0128 5F5A4E4B 	 .ascii "_ZNKSt15__exception_ptr13exception_ptr6_M_getEv\000"
 1093      53743135 
ARM GAS   			page 21


 1093      5F5F6578 
 1093      63657074 
 1093      696F6E5F 
 1094              	.LASF45:
 1095 0158 666C6F61 	 .ascii "float\000"
 1095      7400
 1096              	.LASF34:
 1097 015e 5F5A4E53 	 .ascii "_ZNSt15__exception_ptr13exception_ptr4swapERS0_\000"
 1097      7431355F 
 1097      5F657863 
 1097      65707469 
 1097      6F6E5F70 
 1098              	.LASF18:
 1099 018e 5F4D5F61 	 .ascii "_M_addref\000"
 1099      64647265 
 1099      6600
 1100              	.LASF4:
 1101 0198 756E7369 	 .ascii "unsigned char\000"
 1101      676E6564 
 1101      20636861 
 1101      7200
 1102              	.LASF16:
 1103 01a6 5F5A4E53 	 .ascii "_ZNSt21piecewise_construct_tC4Ev\000"
 1103      74323170 
 1103      69656365 
 1103      77697365 
 1103      5F636F6E 
 1104              	.LASF15:
 1105 01c7 65786365 	 .ascii "exception_ptr\000"
 1105      7074696F 
 1105      6E5F7074 
 1105      7200
 1106              	.LASF8:
 1107 01d5 6C6F6E67 	 .ascii "long unsigned int\000"
 1107      20756E73 
 1107      69676E65 
 1107      6420696E 
 1107      7400
 1108              	.LASF30:
 1109 01e7 5F5A4E53 	 .ascii "_ZNSt15__exception_ptr13exception_ptrD4Ev\000"
 1109      7431355F 
 1109      5F657863 
 1109      65707469 
 1109      6F6E5F70 
 1110              	.LASF29:
 1111 0211 7E657863 	 .ascii "~exception_ptr\000"
 1111      65707469 
 1111      6F6E5F70 
 1111      747200
 1112              	.LASF7:
 1113 0220 6C6F6E67 	 .ascii "long int\000"
 1113      20696E74 
 1113      00
 1114              	.LASF59:
 1115 0229 6E756C6C 	 .ascii "nullptr_t\000"
 1115      7074725F 
 1115      7400
ARM GAS   			page 22


 1116              	.LASF44:
 1117 0233 646F7562 	 .ascii "double\000"
 1117      6C6500
 1118              	.LASF11:
 1119 023a 5F5F7377 	 .ascii "__swappable_details\000"
 1119      61707061 
 1119      626C655F 
 1119      64657461 
 1119      696C7300 
 1120              	.LASF25:
 1121 024e 5F5A4E53 	 .ascii "_ZNSt15__exception_ptr13exception_ptrC4EOS0_\000"
 1121      7431355F 
 1121      5F657863 
 1121      65707469 
 1121      6F6E5F70 
 1122              	.LASF53:
 1123 027b 433A5C55 	 .ascii "C:\\Users\\niels\\DOCUME~1\\ELEKTR~1\\JAAR2~1\\ECS\\"
 1123      73657273 
 1123      5C6E6965 
 1123      6C735C44 
 1123      4F43554D 
 1124 02a8 4543534C 	 .ascii "ECSL\\software\\STM32\\PRACTI~1\\CLion\\Debug\\FREE"
 1124      5C736F66 
 1124      74776172 
 1124      655C5354 
 1124      4D33325C 
 1125 02d5 52547E31 	 .ascii "RT~1\000"
 1125      00
 1126              	.LASF47:
 1127 02da 77636861 	 .ascii "wchar_t\000"
 1127      725F7400 
 1128              	.LASF50:
 1129 02e2 5F5F676E 	 .ascii "__gnu_debug\000"
 1129      755F6465 
 1129      62756700 
 1130              	.LASF57:
 1131 02ee 6F706572 	 .ascii "operator bool\000"
 1131      61746F72 
 1131      20626F6F 
 1131      6C00
 1132              	.LASF0:
 1133 02fc 756E7369 	 .ascii "unsigned int\000"
 1133      676E6564 
 1133      20696E74 
 1133      00
 1134              	.LASF58:
 1135 0309 5F5A4E4B 	 .ascii "_ZNKSt15__exception_ptr13exception_ptrcvbEv\000"
 1135      53743135 
 1135      5F5F6578 
 1135      63657074 
 1135      696F6E5F 
 1136              	.LASF9:
 1137 0335 6C6F6E67 	 .ascii "long long unsigned int\000"
 1137      206C6F6E 
 1137      6720756E 
 1137      7369676E 
 1137      65642069 
ARM GAS   			page 23


 1138              	.LASF20:
 1139 034c 5F5A4E53 	 .ascii "_ZNSt15__exception_ptr13exception_ptr9_M_addrefEv\000"
 1139      7431355F 
 1139      5F657863 
 1139      65707469 
 1139      6F6E5F70 
 1140              	.LASF48:
 1141 037e 63686172 	 .ascii "char16_t\000"
 1141      31365F74 
 1141      00
 1142              	.LASF40:
 1143 0387 5F5F6578 	 .ascii "__exception_ptr\000"
 1143      63657074 
 1143      696F6E5F 
 1143      70747200 
 1144              	.LASF3:
 1145 0397 7369676E 	 .ascii "signed char\000"
 1145      65642063 
 1145      68617200 
 1146              	.LASF36:
 1147 03a3 5F5A4E4B 	 .ascii "_ZNKSt15__exception_ptr13exception_ptr20__cxa_excep"
 1147      53743135 
 1147      5F5F6578 
 1147      63657074 
 1147      696F6E5F 
 1148 03d6 74696F6E 	 .ascii "tion_typeEv\000"
 1148      5F747970 
 1148      65457600 
 1149              	.LASF49:
 1150 03e2 63686172 	 .ascii "char32_t\000"
 1150      33325F74 
 1150      00
 1151              	.LASF2:
 1152 03eb 6C6F6E67 	 .ascii "long double\000"
 1152      20646F75 
 1152      626C6500 
 1153              	.LASF28:
 1154 03f7 5F5A4E53 	 .ascii "_ZNSt15__exception_ptr13exception_ptraSEOS0_\000"
 1154      7431355F 
 1154      5F657863 
 1154      65707469 
 1154      6F6E5F70 
 1155              	.LASF43:
 1156 0424 5F5F6F70 	 .ascii "__ops\000"
 1156      7300
 1157              	.LASF41:
 1158 042a 5F5F676E 	 .ascii "__gnu_cxx\000"
 1158      755F6378 
 1158      7800
 1159              	.LASF39:
 1160 0434 5F5F6465 	 .ascii "__detail\000"
 1160      7461696C 
 1160      00
 1161              	.LASF10:
 1162 043d 63686172 	 .ascii "char\000"
 1162      00
 1163              	.LASF24:
ARM GAS   			page 24


 1164 0442 5F5A4E53 	 .ascii "_ZNSt15__exception_ptr13exception_ptrC4EDn\000"
 1164      7431355F 
 1164      5F657863 
 1164      65707469 
 1164      6F6E5F70 
 1165              	.LASF51:
 1166 046d 474E5520 	 .ascii "GNU C++11 10.3.1 20210824 (release) -mcpu=cortex-m4"
 1166      432B2B31 
 1166      31203130 
 1166      2E332E31 
 1166      20323032 
 1167 04a0 202D6D66 	 .ascii " -mfloat-abi=hard -mfpu=fpv4-sp-d16 -mfix-cortex-m3"
 1167      6C6F6174 
 1167      2D616269 
 1167      3D686172 
 1167      64202D6D 
 1168 04d3 2D6C6472 	 .ascii "-ldrd -mthumb -mno-unaligned-access -mapcs-frame -m"
 1168      64202D6D 
 1168      7468756D 
 1168      62202D6D 
 1168      6E6F2D75 
 1169 0506 61726368 	 .ascii "arch=armv7e-m+fp -g -g -O0 -std=gnu++11 -fsingle-pr"
 1169      3D61726D 
 1169      7637652D 
 1169      6D2B6670 
 1169      202D6720 
 1170 0539 65636973 	 .ascii "ecision-constant -funsigned-char -ffunction-section"
 1170      696F6E2D 
 1170      636F6E73 
 1170      74616E74 
 1170      202D6675 
 1171 056c 73202D66 	 .ascii "s -fdata-sections -fno-rtti -fno-exceptions -finlin"
 1171      64617461 
 1171      2D736563 
 1171      74696F6E 
 1171      73202D66 
 1172 059f 652D6C69 	 .ascii "e-limit=20\000"
 1172      6D69743D 
 1172      323000
 1173              	.LASF56:
 1174 05aa 5F4D5F65 	 .ascii "_M_exception_object\000"
 1174      78636570 
 1174      74696F6E 
 1174      5F6F626A 
 1174      65637400 
 1175              	.LASF5:
 1176 05be 73686F72 	 .ascii "short int\000"
 1176      7420696E 
 1176      7400
 1177              	.LASF22:
 1178 05c8 5F5A4E53 	 .ascii "_ZNSt15__exception_ptr13exception_ptrC4Ev\000"
 1178      7431355F 
 1178      5F657863 
 1178      65707469 
 1178      6F6E5F70 
 1179              	.LASF27:
 1180 05f2 5F5A4E53 	 .ascii "_ZNSt15__exception_ptr13exception_ptraSERKS0_\000"
ARM GAS   			page 25


 1180      7431355F 
 1180      5F657863 
 1180      65707469 
 1180      6F6E5F70 
 1181              	.LASF60:
 1182 0620 74797065 	 .ascii "type_info\000"
 1182      5F696E66 
 1182      6F00
 1183              	.LASF21:
 1184 062a 5F5A4E53 	 .ascii "_ZNSt15__exception_ptr13exception_ptr10_M_releaseEv"
 1184      7431355F 
 1184      5F657863 
 1184      65707469 
 1184      6F6E5F70 
 1185 065d 00       	 .ascii "\000"
 1186              	.LASF55:
 1187 065e 70696563 	 .ascii "piecewise_construct\000"
 1187      65776973 
 1187      655F636F 
 1187      6E737472 
 1187      75637400 
 1188              	.LASF26:
 1189 0672 6F706572 	 .ascii "operator=\000"
 1189      61746F72 
 1189      3D00
 1190              	.LASF13:
 1191 067c 5F5F6465 	 .ascii "__debug\000"
 1191      62756700 
 1192              	.LASF6:
 1193 0684 73686F72 	 .ascii "short unsigned int\000"
 1193      7420756E 
 1193      7369676E 
 1193      65642069 
 1193      6E7400
 1194              	.LASF52:
 1195 0697 433A5C55 	 .ascii "C:\\Users\\niels\\Documents\\Elektrotechniek\\Jaar "
 1195      73657273 
 1195      5C6E6965 
 1195      6C735C44 
 1195      6F63756D 
 1196 06c5 325C4543 	 .ascii "2\\ECS\\ECSL\\software\\STM32\\STM32Basis\\HAL\\gem"
 1196      535C4543 
 1196      534C5C73 
 1196      6F667477 
 1196      6172655C 
 1197 06f1 65656E73 	 .ascii "eenschappelijk\\Third_Party\\freertos-addons-1.1.0\\"
 1197      63686170 
 1197      70656C69 
 1197      6A6B5C54 
 1197      68697264 
 1198 0722 632B2B5C 	 .ascii "c++\\Source\\ctickhook.cpp\000"
 1198      536F7572 
 1198      63655C63 
 1198      7469636B 
 1198      686F6F6B 
 1199              	.LASF31:
 1200 073b 5F4D5F67 	 .ascii "_M_get\000"
ARM GAS   			page 26


 1200      657400
 1201              	 .ident "GCC: (GNU Arm Embedded Toolchain 10.3-2021.10) 10.3.1 20210824 (release)"
