ARM GAS   			page 1


   1              	 .cpu cortex-m4
   2              	 .arch armv7e-m
   3              	 .fpu fpv4-sp-d16
   4              	 .eabi_attribute 27,1
   5              	 .eabi_attribute 28,1
   6              	 .eabi_attribute 20,1
   7              	 .eabi_attribute 21,1
   8              	 .eabi_attribute 23,3
   9              	 .eabi_attribute 24,1
  10              	 .eabi_attribute 25,1
  11              	 .eabi_attribute 26,1
  12              	 .eabi_attribute 30,6
  13              	 .eabi_attribute 34,0
  14              	 .eabi_attribute 18,4
  15              	 .file "timers.c"
  16              	 .text
  17              	.Ltext0:
  18              	 .cfi_sections .debug_frame
  19              	.Letext0:
  20              	 .file 1 "c:\\progra~2\\gnuarm~1\\102021~1.10\\arm-none-eabi\\include\\c++\\10.3.1\\cstdlib"
  21              	 .file 2 "c:\\progra~2\\gnuarm~1\\102021~1.10\\arm-none-eabi\\include\\c++\\10.3.1\\bits\\std_abs.h"
  22              	 .file 3 "c:\\progra~2\\gnuarm~1\\102021~1.10\\arm-none-eabi\\include\\c++\\10.3.1\\arm-none-eabi\\thumb\\v7e-m+fp\\hard\\bits\\c++config.h"
  23              	 .file 4 "c:\\progra~2\\gnuarm~1\\102021~1.10\\lib\\gcc\\arm-none-eabi\\10.3.1\\include\\stddef.h"
  24              	 .file 5 "c:\\progra~2\\gnuarm~1\\102021~1.10\\arm-none-eabi\\include\\stdlib.h"
  25              	 .file 6 "c:\\progra~2\\gnuarm~1\\102021~1.10\\arm-none-eabi\\include\\c++\\10.3.1\\stdlib.h"
  26              	 .file 7 "<built-in>"
  27              	 .section .debug_info,"",%progbits
  28              	.Ldebug_info0:
  29 0000 54070000 	 .4byte 0x754
  30 0004 0400     	 .2byte 0x4
  31 0006 00000000 	 .4byte .Ldebug_abbrev0
  32 000a 04       	 .byte 0x4
  33 000b 01       	 .uleb128 0x1
  34 000c 6A020000 	 .4byte .LASF55
  35 0010 04       	 .byte 0x4
  36 0011 25000000 	 .4byte .LASF56
  37 0015 7C030000 	 .4byte .LASF57
  38 0019 00000000 	 .4byte .Ldebug_line0
  39 001d 02       	 .uleb128 0x2
  40 001e 73746400 	 .ascii "std\000"
  41 0022 07       	 .byte 0x7
  42 0023 00       	 .byte 0
  43 0024 C8010000 	 .4byte 0x1c8
  44 0028 03       	 .uleb128 0x3
  45 0029 12000000 	 .4byte .LASF5
  46 002d 03       	 .byte 0x3
  47 002e 1E01     	 .2byte 0x11e
  48 0030 41       	 .byte 0x41
  49 0031 04       	 .uleb128 0x4
  50 0032 03       	 .byte 0x3
  51 0033 1E01     	 .2byte 0x11e
  52 0035 41       	 .byte 0x41
  53 0036 28000000 	 .4byte 0x28
  54 003a 05       	 .uleb128 0x5
  55 003b 01       	 .byte 0x1
  56 003c 7F       	 .byte 0x7f
  57 003d 0B       	 .byte 0xb
ARM GAS   			page 2


  58 003e E2020000 	 .4byte 0x2e2
  59 0042 05       	 .uleb128 0x5
  60 0043 01       	 .byte 0x1
  61 0044 80       	 .byte 0x80
  62 0045 0B       	 .byte 0xb
  63 0046 16030000 	 .4byte 0x316
  64 004a 05       	 .uleb128 0x5
  65 004b 01       	 .byte 0x1
  66 004c 86       	 .byte 0x86
  67 004d 0B       	 .byte 0xb
  68 004e 83030000 	 .4byte 0x383
  69 0052 05       	 .uleb128 0x5
  70 0053 01       	 .byte 0x1
  71 0054 8C       	 .byte 0x8c
  72 0055 0B       	 .byte 0xb
  73 0056 99030000 	 .4byte 0x399
  74 005a 05       	 .uleb128 0x5
  75 005b 01       	 .byte 0x1
  76 005c 8D       	 .byte 0x8d
  77 005d 0B       	 .byte 0xb
  78 005e B6030000 	 .4byte 0x3b6
  79 0062 05       	 .uleb128 0x5
  80 0063 01       	 .byte 0x1
  81 0064 8E       	 .byte 0x8e
  82 0065 0B       	 .byte 0xb
  83 0066 CC030000 	 .4byte 0x3cc
  84 006a 05       	 .uleb128 0x5
  85 006b 01       	 .byte 0x1
  86 006c 8F       	 .byte 0x8f
  87 006d 0B       	 .byte 0xb
  88 006e E2030000 	 .4byte 0x3e2
  89 0072 05       	 .uleb128 0x5
  90 0073 01       	 .byte 0x1
  91 0074 91       	 .byte 0x91
  92 0075 0B       	 .byte 0xb
  93 0076 0C040000 	 .4byte 0x40c
  94 007a 05       	 .uleb128 0x5
  95 007b 01       	 .byte 0x1
  96 007c 94       	 .byte 0x94
  97 007d 0B       	 .byte 0xb
  98 007e 27040000 	 .4byte 0x427
  99 0082 05       	 .uleb128 0x5
 100 0083 01       	 .byte 0x1
 101 0084 96       	 .byte 0x96
 102 0085 0B       	 .byte 0xb
 103 0086 3D040000 	 .4byte 0x43d
 104 008a 05       	 .uleb128 0x5
 105 008b 01       	 .byte 0x1
 106 008c 99       	 .byte 0x99
 107 008d 0B       	 .byte 0xb
 108 008e 58040000 	 .4byte 0x458
 109 0092 05       	 .uleb128 0x5
 110 0093 01       	 .byte 0x1
 111 0094 9A       	 .byte 0x9a
 112 0095 0B       	 .byte 0xb
 113 0096 73040000 	 .4byte 0x473
 114 009a 05       	 .uleb128 0x5
ARM GAS   			page 3


 115 009b 01       	 .byte 0x1
 116 009c 9B       	 .byte 0x9b
 117 009d 0B       	 .byte 0xb
 118 009e A5040000 	 .4byte 0x4a5
 119 00a2 05       	 .uleb128 0x5
 120 00a3 01       	 .byte 0x1
 121 00a4 9D       	 .byte 0x9d
 122 00a5 0B       	 .byte 0xb
 123 00a6 C5040000 	 .4byte 0x4c5
 124 00aa 05       	 .uleb128 0x5
 125 00ab 01       	 .byte 0x1
 126 00ac A3       	 .byte 0xa3
 127 00ad 0B       	 .byte 0xb
 128 00ae E6040000 	 .4byte 0x4e6
 129 00b2 05       	 .uleb128 0x5
 130 00b3 01       	 .byte 0x1
 131 00b4 A5       	 .byte 0xa5
 132 00b5 0B       	 .byte 0xb
 133 00b6 F2040000 	 .4byte 0x4f2
 134 00ba 05       	 .uleb128 0x5
 135 00bb 01       	 .byte 0x1
 136 00bc A6       	 .byte 0xa6
 137 00bd 0B       	 .byte 0xb
 138 00be 04050000 	 .4byte 0x504
 139 00c2 05       	 .uleb128 0x5
 140 00c3 01       	 .byte 0x1
 141 00c4 A7       	 .byte 0xa7
 142 00c5 0B       	 .byte 0xb
 143 00c6 25050000 	 .4byte 0x525
 144 00ca 05       	 .uleb128 0x5
 145 00cb 01       	 .byte 0x1
 146 00cc A8       	 .byte 0xa8
 147 00cd 0B       	 .byte 0xb
 148 00ce 45050000 	 .4byte 0x545
 149 00d2 05       	 .uleb128 0x5
 150 00d3 01       	 .byte 0x1
 151 00d4 A9       	 .byte 0xa9
 152 00d5 0B       	 .byte 0xb
 153 00d6 65050000 	 .4byte 0x565
 154 00da 05       	 .uleb128 0x5
 155 00db 01       	 .byte 0x1
 156 00dc AB       	 .byte 0xab
 157 00dd 0B       	 .byte 0xb
 158 00de 7B050000 	 .4byte 0x57b
 159 00e2 05       	 .uleb128 0x5
 160 00e3 01       	 .byte 0x1
 161 00e4 AC       	 .byte 0xac
 162 00e5 0B       	 .byte 0xb
 163 00e6 A1050000 	 .4byte 0x5a1
 164 00ea 05       	 .uleb128 0x5
 165 00eb 01       	 .byte 0x1
 166 00ec F0       	 .byte 0xf0
 167 00ed 16       	 .byte 0x16
 168 00ee 4A030000 	 .4byte 0x34a
 169 00f2 05       	 .uleb128 0x5
 170 00f3 01       	 .byte 0x1
 171 00f4 F5       	 .byte 0xf5
ARM GAS   			page 4


 172 00f5 16       	 .byte 0x16
 173 00f6 1F020000 	 .4byte 0x21f
 174 00fa 05       	 .uleb128 0x5
 175 00fb 01       	 .byte 0x1
 176 00fc F6       	 .byte 0xf6
 177 00fd 16       	 .byte 0x16
 178 00fe BC050000 	 .4byte 0x5bc
 179 0102 05       	 .uleb128 0x5
 180 0103 01       	 .byte 0x1
 181 0104 F8       	 .byte 0xf8
 182 0105 16       	 .byte 0x16
 183 0106 D8050000 	 .4byte 0x5d8
 184 010a 05       	 .uleb128 0x5
 185 010b 01       	 .byte 0x1
 186 010c F9       	 .byte 0xf9
 187 010d 16       	 .byte 0x16
 188 010e 31060000 	 .4byte 0x631
 189 0112 05       	 .uleb128 0x5
 190 0113 01       	 .byte 0x1
 191 0114 FA       	 .byte 0xfa
 192 0115 16       	 .byte 0x16
 193 0116 EF050000 	 .4byte 0x5ef
 194 011a 05       	 .uleb128 0x5
 195 011b 01       	 .byte 0x1
 196 011c FB       	 .byte 0xfb
 197 011d 16       	 .byte 0x16
 198 011e 10060000 	 .4byte 0x610
 199 0122 05       	 .uleb128 0x5
 200 0123 01       	 .byte 0x1
 201 0124 FC       	 .byte 0xfc
 202 0125 16       	 .byte 0x16
 203 0126 53060000 	 .4byte 0x653
 204 012a 06       	 .uleb128 0x6
 205 012b 61627300 	 .ascii "abs\000"
 206 012f 02       	 .byte 0x2
 207 0130 4F       	 .byte 0x4f
 208 0131 03       	 .byte 0x3
 209 0132 2D020000 	 .4byte .LASF0
 210 0136 5C020000 	 .4byte 0x25c
 211 013a 44010000 	 .4byte 0x144
 212 013e 07       	 .uleb128 0x7
 213 013f 5C020000 	 .4byte 0x25c
 214 0143 00       	 .byte 0
 215 0144 06       	 .uleb128 0x6
 216 0145 61627300 	 .ascii "abs\000"
 217 0149 02       	 .byte 0x2
 218 014a 4B       	 .byte 0x4b
 219 014b 03       	 .byte 0x3
 220 014c 37020000 	 .4byte .LASF1
 221 0150 4C060000 	 .4byte 0x64c
 222 0154 5E010000 	 .4byte 0x15e
 223 0158 07       	 .uleb128 0x7
 224 0159 4C060000 	 .4byte 0x64c
 225 015d 00       	 .byte 0
 226 015e 06       	 .uleb128 0x6
 227 015f 61627300 	 .ascii "abs\000"
 228 0163 02       	 .byte 0x2
ARM GAS   			page 5


 229 0164 47       	 .byte 0x47
 230 0165 03       	 .byte 0x3
 231 0166 23020000 	 .4byte .LASF2
 232 016a AF030000 	 .4byte 0x3af
 233 016e 78010000 	 .4byte 0x178
 234 0172 07       	 .uleb128 0x7
 235 0173 AF030000 	 .4byte 0x3af
 236 0177 00       	 .byte 0
 237 0178 06       	 .uleb128 0x6
 238 0179 61627300 	 .ascii "abs\000"
 239 017d 02       	 .byte 0x2
 240 017e 3D       	 .byte 0x3d
 241 017f 03       	 .byte 0x3
 242 0180 60020000 	 .4byte .LASF3
 243 0184 55020000 	 .4byte 0x255
 244 0188 92010000 	 .4byte 0x192
 245 018c 07       	 .uleb128 0x7
 246 018d 55020000 	 .4byte 0x255
 247 0191 00       	 .byte 0
 248 0192 06       	 .uleb128 0x6
 249 0193 61627300 	 .ascii "abs\000"
 250 0197 02       	 .byte 0x2
 251 0198 38       	 .byte 0x38
 252 0199 03       	 .byte 0x3
 253 019a 56020000 	 .4byte .LASF4
 254 019e 84020000 	 .4byte 0x284
 255 01a2 AC010000 	 .4byte 0x1ac
 256 01a6 07       	 .uleb128 0x7
 257 01a7 84020000 	 .4byte 0x284
 258 01ab 00       	 .byte 0
 259 01ac 08       	 .uleb128 0x8
 260 01ad 64697600 	 .ascii "div\000"
 261 01b1 01       	 .byte 0x1
 262 01b2 B1       	 .byte 0xb1
 263 01b3 03       	 .byte 0x3
 264 01b4 1A000000 	 .4byte .LASF6
 265 01b8 16030000 	 .4byte 0x316
 266 01bc 07       	 .uleb128 0x7
 267 01bd 84020000 	 .4byte 0x284
 268 01c1 07       	 .uleb128 0x7
 269 01c2 84020000 	 .4byte 0x284
 270 01c6 00       	 .byte 0
 271 01c7 00       	 .byte 0
 272 01c8 09       	 .uleb128 0x9
 273 01c9 F8030000 	 .4byte .LASF58
 274 01cd 03       	 .byte 0x3
 275 01ce 2001     	 .2byte 0x120
 276 01d0 0B       	 .byte 0xb
 277 01d1 3B020000 	 .4byte 0x23b
 278 01d5 03       	 .uleb128 0x3
 279 01d6 12000000 	 .4byte .LASF5
 280 01da 03       	 .byte 0x3
 281 01db 2201     	 .2byte 0x122
 282 01dd 41       	 .byte 0x41
 283 01de 04       	 .uleb128 0x4
 284 01df 03       	 .byte 0x3
 285 01e0 2201     	 .2byte 0x122
ARM GAS   			page 6


 286 01e2 41       	 .byte 0x41
 287 01e3 D5010000 	 .4byte 0x1d5
 288 01e7 05       	 .uleb128 0x5
 289 01e8 01       	 .byte 0x1
 290 01e9 C8       	 .byte 0xc8
 291 01ea 0B       	 .byte 0xb
 292 01eb 4A030000 	 .4byte 0x34a
 293 01ef 05       	 .uleb128 0x5
 294 01f0 01       	 .byte 0x1
 295 01f1 D8       	 .byte 0xd8
 296 01f2 0B       	 .byte 0xb
 297 01f3 BC050000 	 .4byte 0x5bc
 298 01f7 05       	 .uleb128 0x5
 299 01f8 01       	 .byte 0x1
 300 01f9 E3       	 .byte 0xe3
 301 01fa 0B       	 .byte 0xb
 302 01fb D8050000 	 .4byte 0x5d8
 303 01ff 05       	 .uleb128 0x5
 304 0200 01       	 .byte 0x1
 305 0201 E4       	 .byte 0xe4
 306 0202 0B       	 .byte 0xb
 307 0203 EF050000 	 .4byte 0x5ef
 308 0207 05       	 .uleb128 0x5
 309 0208 01       	 .byte 0x1
 310 0209 E5       	 .byte 0xe5
 311 020a 0B       	 .byte 0xb
 312 020b 10060000 	 .4byte 0x610
 313 020f 05       	 .uleb128 0x5
 314 0210 01       	 .byte 0x1
 315 0211 E7       	 .byte 0xe7
 316 0212 0B       	 .byte 0xb
 317 0213 31060000 	 .4byte 0x631
 318 0217 05       	 .uleb128 0x5
 319 0218 01       	 .byte 0x1
 320 0219 E8       	 .byte 0xe8
 321 021a 0B       	 .byte 0xb
 322 021b 53060000 	 .4byte 0x653
 323 021f 08       	 .uleb128 0x8
 324 0220 64697600 	 .ascii "div\000"
 325 0224 01       	 .byte 0x1
 326 0225 D5       	 .byte 0xd5
 327 0226 03       	 .byte 0x3
 328 0227 41020000 	 .4byte .LASF7
 329 022b 4A030000 	 .4byte 0x34a
 330 022f 07       	 .uleb128 0x7
 331 0230 55020000 	 .4byte 0x255
 332 0234 07       	 .uleb128 0x7
 333 0235 55020000 	 .4byte 0x255
 334 0239 00       	 .byte 0
 335 023a 00       	 .byte 0
 336 023b 0A       	 .uleb128 0xa
 337 023c 0B000000 	 .4byte .LASF20
 338 0240 04       	 .byte 0x4
 339 0241 D1       	 .byte 0xd1
 340 0242 17       	 .byte 0x17
 341 0243 47020000 	 .4byte 0x247
 342 0247 0B       	 .uleb128 0xb
ARM GAS   			page 7


 343 0248 04       	 .byte 0x4
 344 0249 07       	 .byte 0x7
 345 024a 42010000 	 .4byte .LASF8
 346 024e 0C       	 .uleb128 0xc
 347 024f 04       	 .byte 0x4
 348 0250 05       	 .byte 0x5
 349 0251 696E7400 	 .ascii "int\000"
 350 0255 0B       	 .uleb128 0xb
 351 0256 08       	 .byte 0x8
 352 0257 05       	 .byte 0x5
 353 0258 E9000000 	 .4byte .LASF9
 354 025c 0B       	 .uleb128 0xb
 355 025d 08       	 .byte 0x8
 356 025e 04       	 .byte 0x4
 357 025f B5010000 	 .4byte .LASF10
 358 0263 0D       	 .uleb128 0xd
 359 0264 9C010000 	 .4byte .LASF59
 360 0268 0B       	 .uleb128 0xb
 361 0269 01       	 .byte 0x1
 362 026a 06       	 .byte 0x6
 363 026b F7000000 	 .4byte .LASF11
 364 026f 0B       	 .uleb128 0xb
 365 0270 01       	 .byte 0x1
 366 0271 08       	 .byte 0x8
 367 0272 E4010000 	 .4byte .LASF12
 368 0276 0B       	 .uleb128 0xb
 369 0277 02       	 .byte 0x2
 370 0278 05       	 .byte 0x5
 371 0279 02020000 	 .4byte .LASF13
 372 027d 0B       	 .uleb128 0xb
 373 027e 02       	 .byte 0x2
 374 027f 07       	 .byte 0x7
 375 0280 73010000 	 .4byte .LASF14
 376 0284 0B       	 .uleb128 0xb
 377 0285 04       	 .byte 0x4
 378 0286 05       	 .byte 0x5
 379 0287 17010000 	 .4byte .LASF15
 380 028b 0B       	 .uleb128 0xb
 381 028c 04       	 .byte 0x4
 382 028d 07       	 .byte 0x7
 383 028e 4F010000 	 .4byte .LASF16
 384 0292 0B       	 .uleb128 0xb
 385 0293 08       	 .byte 0x8
 386 0294 07       	 .byte 0x7
 387 0295 C5000000 	 .4byte .LASF17
 388 0299 0E       	 .uleb128 0xe
 389 029a 04       	 .byte 0x4
 390 029b 0F       	 .uleb128 0xf
 391 029c 04       	 .byte 0x4
 392 029d A1020000 	 .4byte 0x2a1
 393 02a1 10       	 .uleb128 0x10
 394 02a2 0F       	 .uleb128 0xf
 395 02a3 04       	 .byte 0x4
 396 02a4 A8020000 	 .4byte 0x2a8
 397 02a8 0B       	 .uleb128 0xb
 398 02a9 01       	 .byte 0x1
 399 02aa 08       	 .byte 0x8
ARM GAS   			page 8


 400 02ab 6E030000 	 .4byte .LASF18
 401 02af 11       	 .uleb128 0x11
 402 02b0 A8020000 	 .4byte 0x2a8
 403 02b4 0F       	 .uleb128 0xf
 404 02b5 04       	 .byte 0x4
 405 02b6 AF020000 	 .4byte 0x2af
 406 02ba 12       	 .uleb128 0x12
 407 02bb 08       	 .byte 0x8
 408 02bc 05       	 .byte 0x5
 409 02bd 24       	 .byte 0x24
 410 02be 01       	 .byte 0x1
 411 02bf 6C010000 	 .4byte .LASF22
 412 02c3 E2020000 	 .4byte 0x2e2
 413 02c7 13       	 .uleb128 0x13
 414 02c8 06000000 	 .4byte .LASF19
 415 02cc 05       	 .byte 0x5
 416 02cd 25       	 .byte 0x25
 417 02ce 07       	 .byte 0x7
 418 02cf 4E020000 	 .4byte 0x24e
 419 02d3 00       	 .byte 0
 420 02d4 14       	 .uleb128 0x14
 421 02d5 72656D00 	 .ascii "rem\000"
 422 02d9 05       	 .byte 0x5
 423 02da 26       	 .byte 0x26
 424 02db 07       	 .byte 0x7
 425 02dc 4E020000 	 .4byte 0x24e
 426 02e0 04       	 .byte 0x4
 427 02e1 00       	 .byte 0
 428 02e2 0A       	 .uleb128 0xa
 429 02e3 E3000000 	 .4byte .LASF21
 430 02e7 05       	 .byte 0x5
 431 02e8 27       	 .byte 0x27
 432 02e9 03       	 .byte 0x3
 433 02ea BA020000 	 .4byte 0x2ba
 434 02ee 12       	 .uleb128 0x12
 435 02ef 08       	 .byte 0x8
 436 02f0 05       	 .byte 0x5
 437 02f1 2A       	 .byte 0x2a
 438 02f2 01       	 .byte 0x1
 439 02f3 F2010000 	 .4byte .LASF23
 440 02f7 16030000 	 .4byte 0x316
 441 02fb 13       	 .uleb128 0x13
 442 02fc 06000000 	 .4byte .LASF19
 443 0300 05       	 .byte 0x5
 444 0301 2B       	 .byte 0x2b
 445 0302 08       	 .byte 0x8
 446 0303 84020000 	 .4byte 0x284
 447 0307 00       	 .byte 0
 448 0308 14       	 .uleb128 0x14
 449 0309 72656D00 	 .ascii "rem\000"
 450 030d 05       	 .byte 0x5
 451 030e 2C       	 .byte 0x2c
 452 030f 08       	 .byte 0x8
 453 0310 84020000 	 .4byte 0x284
 454 0314 04       	 .byte 0x4
 455 0315 00       	 .byte 0
 456 0316 0A       	 .uleb128 0xa
ARM GAS   			page 9


 457 0317 27010000 	 .4byte .LASF24
 458 031b 05       	 .byte 0x5
 459 031c 2D       	 .byte 0x2d
 460 031d 03       	 .byte 0x3
 461 031e EE020000 	 .4byte 0x2ee
 462 0322 12       	 .uleb128 0x12
 463 0323 10       	 .byte 0x10
 464 0324 05       	 .byte 0x5
 465 0325 31       	 .byte 0x31
 466 0326 01       	 .byte 0x1
 467 0327 BC000000 	 .4byte .LASF25
 468 032b 4A030000 	 .4byte 0x34a
 469 032f 13       	 .uleb128 0x13
 470 0330 06000000 	 .4byte .LASF19
 471 0334 05       	 .byte 0x5
 472 0335 32       	 .byte 0x32
 473 0336 11       	 .byte 0x11
 474 0337 55020000 	 .4byte 0x255
 475 033b 00       	 .byte 0
 476 033c 14       	 .uleb128 0x14
 477 033d 72656D00 	 .ascii "rem\000"
 478 0341 05       	 .byte 0x5
 479 0342 33       	 .byte 0x33
 480 0343 11       	 .byte 0x11
 481 0344 55020000 	 .4byte 0x255
 482 0348 08       	 .byte 0x8
 483 0349 00       	 .byte 0
 484 034a 0A       	 .uleb128 0xa
 485 034b FA010000 	 .4byte .LASF26
 486 034f 05       	 .byte 0x5
 487 0350 34       	 .byte 0x34
 488 0351 03       	 .byte 0x3
 489 0352 22030000 	 .4byte 0x322
 490 0356 0A       	 .uleb128 0xa
 491 0357 EA030000 	 .4byte .LASF27
 492 035b 05       	 .byte 0x5
 493 035c 39       	 .byte 0x39
 494 035d 0F       	 .byte 0xf
 495 035e 62030000 	 .4byte 0x362
 496 0362 0F       	 .uleb128 0xf
 497 0363 04       	 .byte 0x4
 498 0364 68030000 	 .4byte 0x368
 499 0368 15       	 .uleb128 0x15
 500 0369 4E020000 	 .4byte 0x24e
 501 036d 7C030000 	 .4byte 0x37c
 502 0371 07       	 .uleb128 0x7
 503 0372 7C030000 	 .4byte 0x37c
 504 0376 07       	 .uleb128 0x7
 505 0377 7C030000 	 .4byte 0x37c
 506 037b 00       	 .byte 0
 507 037c 0F       	 .uleb128 0xf
 508 037d 04       	 .byte 0x4
 509 037e 82030000 	 .4byte 0x382
 510 0382 16       	 .uleb128 0x16
 511 0383 17       	 .uleb128 0x17
 512 0384 DC000000 	 .4byte .LASF28
 513 0388 05       	 .byte 0x5
ARM GAS   			page 10


 514 0389 4C       	 .byte 0x4c
 515 038a 05       	 .byte 0x5
 516 038b 4E020000 	 .4byte 0x24e
 517 038f 99030000 	 .4byte 0x399
 518 0393 07       	 .uleb128 0x7
 519 0394 9B020000 	 .4byte 0x29b
 520 0398 00       	 .byte 0
 521 0399 17       	 .uleb128 0x17
 522 039a D5010000 	 .4byte .LASF29
 523 039e 05       	 .byte 0x5
 524 039f 4D       	 .byte 0x4d
 525 03a0 08       	 .byte 0x8
 526 03a1 AF030000 	 .4byte 0x3af
 527 03a5 AF030000 	 .4byte 0x3af
 528 03a9 07       	 .uleb128 0x7
 529 03aa B4020000 	 .4byte 0x2b4
 530 03ae 00       	 .byte 0
 531 03af 0B       	 .uleb128 0xb
 532 03b0 08       	 .byte 0x8
 533 03b1 04       	 .byte 0x4
 534 03b2 2E010000 	 .4byte .LASF30
 535 03b6 17       	 .uleb128 0x17
 536 03b7 DA010000 	 .4byte .LASF31
 537 03bb 05       	 .byte 0x5
 538 03bc 51       	 .byte 0x51
 539 03bd 05       	 .byte 0x5
 540 03be 4E020000 	 .4byte 0x24e
 541 03c2 CC030000 	 .4byte 0x3cc
 542 03c6 07       	 .uleb128 0x7
 543 03c7 B4020000 	 .4byte 0x2b4
 544 03cb 00       	 .byte 0
 545 03cc 17       	 .uleb128 0x17
 546 03cd DF010000 	 .4byte .LASF32
 547 03d1 05       	 .byte 0x5
 548 03d2 53       	 .byte 0x53
 549 03d3 06       	 .byte 0x6
 550 03d4 84020000 	 .4byte 0x284
 551 03d8 E2030000 	 .4byte 0x3e2
 552 03dc 07       	 .uleb128 0x7
 553 03dd B4020000 	 .4byte 0x2b4
 554 03e1 00       	 .byte 0
 555 03e2 17       	 .uleb128 0x17
 556 03e3 86010000 	 .4byte .LASF33
 557 03e7 05       	 .byte 0x5
 558 03e8 55       	 .byte 0x55
 559 03e9 08       	 .byte 0x8
 560 03ea 99020000 	 .4byte 0x299
 561 03ee 0C040000 	 .4byte 0x40c
 562 03f2 07       	 .uleb128 0x7
 563 03f3 7C030000 	 .4byte 0x37c
 564 03f7 07       	 .uleb128 0x7
 565 03f8 7C030000 	 .4byte 0x37c
 566 03fc 07       	 .uleb128 0x7
 567 03fd 3B020000 	 .4byte 0x23b
 568 0401 07       	 .uleb128 0x7
 569 0402 3B020000 	 .4byte 0x23b
 570 0406 07       	 .uleb128 0x7
ARM GAS   			page 11


 571 0407 56030000 	 .4byte 0x356
 572 040b 00       	 .byte 0
 573 040c 18       	 .uleb128 0x18
 574 040d 64697600 	 .ascii "div\000"
 575 0411 05       	 .byte 0x5
 576 0412 5C       	 .byte 0x5c
 577 0413 07       	 .byte 0x7
 578 0414 E2020000 	 .4byte 0x2e2
 579 0418 27040000 	 .4byte 0x427
 580 041c 07       	 .uleb128 0x7
 581 041d 4E020000 	 .4byte 0x24e
 582 0421 07       	 .uleb128 0x7
 583 0422 4E020000 	 .4byte 0x24e
 584 0426 00       	 .byte 0
 585 0427 17       	 .uleb128 0x17
 586 0428 AE010000 	 .4byte .LASF34
 587 042c 05       	 .byte 0x5
 588 042d 5F       	 .byte 0x5f
 589 042e 09       	 .byte 0x9
 590 042f A2020000 	 .4byte 0x2a2
 591 0433 3D040000 	 .4byte 0x43d
 592 0437 07       	 .uleb128 0x7
 593 0438 B4020000 	 .4byte 0x2b4
 594 043c 00       	 .byte 0
 595 043d 17       	 .uleb128 0x17
 596 043e C1010000 	 .4byte .LASF35
 597 0442 05       	 .byte 0x5
 598 0443 6B       	 .byte 0x6b
 599 0444 08       	 .byte 0x8
 600 0445 16030000 	 .4byte 0x316
 601 0449 58040000 	 .4byte 0x458
 602 044d 07       	 .uleb128 0x7
 603 044e 84020000 	 .4byte 0x284
 604 0452 07       	 .uleb128 0x7
 605 0453 84020000 	 .4byte 0x284
 606 0457 00       	 .byte 0
 607 0458 17       	 .uleb128 0x17
 608 0459 03010000 	 .4byte .LASF36
 609 045d 05       	 .byte 0x5
 610 045e 6D       	 .byte 0x6d
 611 045f 05       	 .byte 0x5
 612 0460 4E020000 	 .4byte 0x24e
 613 0464 73040000 	 .4byte 0x473
 614 0468 07       	 .uleb128 0x7
 615 0469 B4020000 	 .4byte 0x2b4
 616 046d 07       	 .uleb128 0x7
 617 046e 3B020000 	 .4byte 0x23b
 618 0472 00       	 .byte 0
 619 0473 17       	 .uleb128 0x17
 620 0474 CC010000 	 .4byte .LASF37
 621 0478 05       	 .byte 0x5
 622 0479 73       	 .byte 0x73
 623 047a 08       	 .byte 0x8
 624 047b 3B020000 	 .4byte 0x23b
 625 047f 93040000 	 .4byte 0x493
 626 0483 07       	 .uleb128 0x7
 627 0484 93040000 	 .4byte 0x493
ARM GAS   			page 12


 628 0488 07       	 .uleb128 0x7
 629 0489 B4020000 	 .4byte 0x2b4
 630 048d 07       	 .uleb128 0x7
 631 048e 3B020000 	 .4byte 0x23b
 632 0492 00       	 .byte 0
 633 0493 0F       	 .uleb128 0xf
 634 0494 04       	 .byte 0x4
 635 0495 99040000 	 .4byte 0x499
 636 0499 0B       	 .uleb128 0xb
 637 049a 04       	 .byte 0x4
 638 049b 07       	 .byte 0x7
 639 049c 94010000 	 .4byte .LASF38
 640 04a0 11       	 .uleb128 0x11
 641 04a1 99040000 	 .4byte 0x499
 642 04a5 17       	 .uleb128 0x17
 643 04a6 35010000 	 .4byte .LASF39
 644 04aa 05       	 .byte 0x5
 645 04ab 6F       	 .byte 0x6f
 646 04ac 05       	 .byte 0x5
 647 04ad 4E020000 	 .4byte 0x24e
 648 04b1 C5040000 	 .4byte 0x4c5
 649 04b5 07       	 .uleb128 0x7
 650 04b6 93040000 	 .4byte 0x493
 651 04ba 07       	 .uleb128 0x7
 652 04bb B4020000 	 .4byte 0x2b4
 653 04bf 07       	 .uleb128 0x7
 654 04c0 3B020000 	 .4byte 0x23b
 655 04c4 00       	 .byte 0
 656 04c5 19       	 .uleb128 0x19
 657 04c6 3C010000 	 .4byte .LASF40
 658 04ca 05       	 .byte 0x5
 659 04cb 8F       	 .byte 0x8f
 660 04cc 06       	 .byte 0x6
 661 04cd E6040000 	 .4byte 0x4e6
 662 04d1 07       	 .uleb128 0x7
 663 04d2 99020000 	 .4byte 0x299
 664 04d6 07       	 .uleb128 0x7
 665 04d7 3B020000 	 .4byte 0x23b
 666 04db 07       	 .uleb128 0x7
 667 04dc 3B020000 	 .4byte 0x23b
 668 04e0 07       	 .uleb128 0x7
 669 04e1 56030000 	 .4byte 0x356
 670 04e5 00       	 .byte 0
 671 04e6 1A       	 .uleb128 0x1a
 672 04e7 67010000 	 .4byte .LASF60
 673 04eb 05       	 .byte 0x5
 674 04ec 90       	 .byte 0x90
 675 04ed 05       	 .byte 0x5
 676 04ee 4E020000 	 .4byte 0x24e
 677 04f2 19       	 .uleb128 0x19
 678 04f3 61010000 	 .4byte .LASF41
 679 04f7 05       	 .byte 0x5
 680 04f8 9F       	 .byte 0x9f
 681 04f9 06       	 .byte 0x6
 682 04fa 04050000 	 .4byte 0x504
 683 04fe 07       	 .uleb128 0x7
 684 04ff 47020000 	 .4byte 0x247
ARM GAS   			page 13


 685 0503 00       	 .byte 0
 686 0504 17       	 .uleb128 0x17
 687 0505 09010000 	 .4byte .LASF42
 688 0509 05       	 .byte 0x5
 689 050a A0       	 .byte 0xa0
 690 050b 08       	 .byte 0x8
 691 050c AF030000 	 .4byte 0x3af
 692 0510 1F050000 	 .4byte 0x51f
 693 0514 07       	 .uleb128 0x7
 694 0515 B4020000 	 .4byte 0x2b4
 695 0519 07       	 .uleb128 0x7
 696 051a 1F050000 	 .4byte 0x51f
 697 051e 00       	 .byte 0
 698 051f 0F       	 .uleb128 0xf
 699 0520 04       	 .byte 0x4
 700 0521 A2020000 	 .4byte 0x2a2
 701 0525 17       	 .uleb128 0x17
 702 0526 20010000 	 .4byte .LASF43
 703 052a 05       	 .byte 0x5
 704 052b AB       	 .byte 0xab
 705 052c 06       	 .byte 0x6
 706 052d 84020000 	 .4byte 0x284
 707 0531 45050000 	 .4byte 0x545
 708 0535 07       	 .uleb128 0x7
 709 0536 B4020000 	 .4byte 0x2b4
 710 053a 07       	 .uleb128 0x7
 711 053b 1F050000 	 .4byte 0x51f
 712 053f 07       	 .uleb128 0x7
 713 0540 4E020000 	 .4byte 0x24e
 714 0544 00       	 .byte 0
 715 0545 17       	 .uleb128 0x17
 716 0546 DB030000 	 .4byte .LASF44
 717 054a 05       	 .byte 0x5
 718 054b AD       	 .byte 0xad
 719 054c 0F       	 .byte 0xf
 720 054d 8B020000 	 .4byte 0x28b
 721 0551 65050000 	 .4byte 0x565
 722 0555 07       	 .uleb128 0x7
 723 0556 B4020000 	 .4byte 0x2b4
 724 055a 07       	 .uleb128 0x7
 725 055b 1F050000 	 .4byte 0x51f
 726 055f 07       	 .uleb128 0x7
 727 0560 4E020000 	 .4byte 0x24e
 728 0564 00       	 .byte 0
 729 0565 17       	 .uleb128 0x17
 730 0566 E3030000 	 .4byte .LASF45
 731 056a 05       	 .byte 0x5
 732 056b BF       	 .byte 0xbf
 733 056c 05       	 .byte 0x5
 734 056d 4E020000 	 .4byte 0x24e
 735 0571 7B050000 	 .4byte 0x57b
 736 0575 07       	 .uleb128 0x7
 737 0576 B4020000 	 .4byte 0x2b4
 738 057a 00       	 .byte 0
 739 057b 17       	 .uleb128 0x17
 740 057c B3000000 	 .4byte .LASF46
 741 0580 05       	 .byte 0x5
ARM GAS   			page 14


 742 0581 75       	 .byte 0x75
 743 0582 08       	 .byte 0x8
 744 0583 3B020000 	 .4byte 0x23b
 745 0587 9B050000 	 .4byte 0x59b
 746 058b 07       	 .uleb128 0x7
 747 058c A2020000 	 .4byte 0x2a2
 748 0590 07       	 .uleb128 0x7
 749 0591 9B050000 	 .4byte 0x59b
 750 0595 07       	 .uleb128 0x7
 751 0596 3B020000 	 .4byte 0x23b
 752 059a 00       	 .byte 0
 753 059b 0F       	 .uleb128 0xf
 754 059c 04       	 .byte 0x4
 755 059d A0040000 	 .4byte 0x4a0
 756 05a1 17       	 .uleb128 0x17
 757 05a2 1C020000 	 .4byte .LASF47
 758 05a6 05       	 .byte 0x5
 759 05a7 71       	 .byte 0x71
 760 05a8 05       	 .byte 0x5
 761 05a9 4E020000 	 .4byte 0x24e
 762 05ad BC050000 	 .4byte 0x5bc
 763 05b1 07       	 .uleb128 0x7
 764 05b2 A2020000 	 .4byte 0x2a2
 765 05b6 07       	 .uleb128 0x7
 766 05b7 99040000 	 .4byte 0x499
 767 05bb 00       	 .byte 0
 768 05bc 1B       	 .uleb128 0x1b
 769 05bd 8E010000 	 .4byte .LASF48
 770 05c1 05       	 .byte 0x5
 771 05c2 0C01     	 .2byte 0x10c
 772 05c4 09       	 .byte 0x9
 773 05c5 4A030000 	 .4byte 0x34a
 774 05c9 D8050000 	 .4byte 0x5d8
 775 05cd 07       	 .uleb128 0x7
 776 05ce 55020000 	 .4byte 0x255
 777 05d2 07       	 .uleb128 0x7
 778 05d3 55020000 	 .4byte 0x255
 779 05d7 00       	 .byte 0
 780 05d8 1B       	 .uleb128 0x1b
 781 05d9 00000000 	 .4byte .LASF49
 782 05dd 05       	 .byte 0x5
 783 05de 0701     	 .2byte 0x107
 784 05e0 0B       	 .byte 0xb
 785 05e1 55020000 	 .4byte 0x255
 786 05e5 EF050000 	 .4byte 0x5ef
 787 05e9 07       	 .uleb128 0x7
 788 05ea B4020000 	 .4byte 0x2b4
 789 05ee 00       	 .byte 0
 790 05ef 1B       	 .uleb128 0x1b
 791 05f0 14020000 	 .4byte .LASF50
 792 05f4 05       	 .byte 0x5
 793 05f5 0D01     	 .2byte 0x10d
 794 05f7 0B       	 .byte 0xb
 795 05f8 55020000 	 .4byte 0x255
 796 05fc 10060000 	 .4byte 0x610
 797 0600 07       	 .uleb128 0x7
 798 0601 B4020000 	 .4byte 0x2b4
ARM GAS   			page 15


 799 0605 07       	 .uleb128 0x7
 800 0606 1F050000 	 .4byte 0x51f
 801 060a 07       	 .uleb128 0x7
 802 060b 4E020000 	 .4byte 0x24e
 803 060f 00       	 .byte 0
 804 0610 1B       	 .uleb128 0x1b
 805 0611 73030000 	 .4byte .LASF51
 806 0615 05       	 .byte 0x5
 807 0616 1101     	 .2byte 0x111
 808 0618 14       	 .byte 0x14
 809 0619 92020000 	 .4byte 0x292
 810 061d 31060000 	 .4byte 0x631
 811 0621 07       	 .uleb128 0x7
 812 0622 B4020000 	 .4byte 0x2b4
 813 0626 07       	 .uleb128 0x7
 814 0627 1F050000 	 .4byte 0x51f
 815 062b 07       	 .uleb128 0x7
 816 062c 4E020000 	 .4byte 0x24e
 817 0630 00       	 .byte 0
 818 0631 17       	 .uleb128 0x17
 819 0632 10010000 	 .4byte .LASF52
 820 0636 05       	 .byte 0x5
 821 0637 A3       	 .byte 0xa3
 822 0638 07       	 .byte 0x7
 823 0639 4C060000 	 .4byte 0x64c
 824 063d 4C060000 	 .4byte 0x64c
 825 0641 07       	 .uleb128 0x7
 826 0642 B4020000 	 .4byte 0x2b4
 827 0646 07       	 .uleb128 0x7
 828 0647 1F050000 	 .4byte 0x51f
 829 064b 00       	 .byte 0
 830 064c 0B       	 .uleb128 0xb
 831 064d 04       	 .byte 0x4
 832 064e 04       	 .byte 0x4
 833 064f C6010000 	 .4byte .LASF53
 834 0653 1B       	 .uleb128 0x1b
 835 0654 0C020000 	 .4byte .LASF54
 836 0658 05       	 .byte 0x5
 837 0659 4401     	 .2byte 0x144
 838 065b 14       	 .byte 0x14
 839 065c 5C020000 	 .4byte 0x25c
 840 0660 6F060000 	 .4byte 0x66f
 841 0664 07       	 .uleb128 0x7
 842 0665 B4020000 	 .4byte 0x2b4
 843 0669 07       	 .uleb128 0x7
 844 066a 1F050000 	 .4byte 0x51f
 845 066e 00       	 .byte 0
 846 066f 05       	 .uleb128 0x5
 847 0670 06       	 .byte 0x6
 848 0671 27       	 .byte 0x27
 849 0672 0C       	 .byte 0xc
 850 0673 83030000 	 .4byte 0x383
 851 0677 05       	 .uleb128 0x5
 852 0678 06       	 .byte 0x6
 853 0679 33       	 .byte 0x33
 854 067a 0C       	 .byte 0xc
 855 067b E2020000 	 .4byte 0x2e2
ARM GAS   			page 16


 856 067f 05       	 .uleb128 0x5
 857 0680 06       	 .byte 0x6
 858 0681 34       	 .byte 0x34
 859 0682 0C       	 .byte 0xc
 860 0683 16030000 	 .4byte 0x316
 861 0687 05       	 .uleb128 0x5
 862 0688 06       	 .byte 0x6
 863 0689 36       	 .byte 0x36
 864 068a 0C       	 .byte 0xc
 865 068b 2A010000 	 .4byte 0x12a
 866 068f 05       	 .uleb128 0x5
 867 0690 06       	 .byte 0x6
 868 0691 36       	 .byte 0x36
 869 0692 0C       	 .byte 0xc
 870 0693 44010000 	 .4byte 0x144
 871 0697 05       	 .uleb128 0x5
 872 0698 06       	 .byte 0x6
 873 0699 36       	 .byte 0x36
 874 069a 0C       	 .byte 0xc
 875 069b 5E010000 	 .4byte 0x15e
 876 069f 05       	 .uleb128 0x5
 877 06a0 06       	 .byte 0x6
 878 06a1 36       	 .byte 0x36
 879 06a2 0C       	 .byte 0xc
 880 06a3 78010000 	 .4byte 0x178
 881 06a7 05       	 .uleb128 0x5
 882 06a8 06       	 .byte 0x6
 883 06a9 36       	 .byte 0x36
 884 06aa 0C       	 .byte 0xc
 885 06ab 92010000 	 .4byte 0x192
 886 06af 05       	 .uleb128 0x5
 887 06b0 06       	 .byte 0x6
 888 06b1 37       	 .byte 0x37
 889 06b2 0C       	 .byte 0xc
 890 06b3 99030000 	 .4byte 0x399
 891 06b7 05       	 .uleb128 0x5
 892 06b8 06       	 .byte 0x6
 893 06b9 38       	 .byte 0x38
 894 06ba 0C       	 .byte 0xc
 895 06bb B6030000 	 .4byte 0x3b6
 896 06bf 05       	 .uleb128 0x5
 897 06c0 06       	 .byte 0x6
 898 06c1 39       	 .byte 0x39
 899 06c2 0C       	 .byte 0xc
 900 06c3 CC030000 	 .4byte 0x3cc
 901 06c7 05       	 .uleb128 0x5
 902 06c8 06       	 .byte 0x6
 903 06c9 3A       	 .byte 0x3a
 904 06ca 0C       	 .byte 0xc
 905 06cb E2030000 	 .4byte 0x3e2
 906 06cf 05       	 .uleb128 0x5
 907 06d0 06       	 .byte 0x6
 908 06d1 3C       	 .byte 0x3c
 909 06d2 0C       	 .byte 0xc
 910 06d3 1F020000 	 .4byte 0x21f
 911 06d7 05       	 .uleb128 0x5
 912 06d8 06       	 .byte 0x6
ARM GAS   			page 17


 913 06d9 3C       	 .byte 0x3c
 914 06da 0C       	 .byte 0xc
 915 06db AC010000 	 .4byte 0x1ac
 916 06df 05       	 .uleb128 0x5
 917 06e0 06       	 .byte 0x6
 918 06e1 3C       	 .byte 0x3c
 919 06e2 0C       	 .byte 0xc
 920 06e3 0C040000 	 .4byte 0x40c
 921 06e7 05       	 .uleb128 0x5
 922 06e8 06       	 .byte 0x6
 923 06e9 3E       	 .byte 0x3e
 924 06ea 0C       	 .byte 0xc
 925 06eb 27040000 	 .4byte 0x427
 926 06ef 05       	 .uleb128 0x5
 927 06f0 06       	 .byte 0x6
 928 06f1 40       	 .byte 0x40
 929 06f2 0C       	 .byte 0xc
 930 06f3 3D040000 	 .4byte 0x43d
 931 06f7 05       	 .uleb128 0x5
 932 06f8 06       	 .byte 0x6
 933 06f9 43       	 .byte 0x43
 934 06fa 0C       	 .byte 0xc
 935 06fb 58040000 	 .4byte 0x458
 936 06ff 05       	 .uleb128 0x5
 937 0700 06       	 .byte 0x6
 938 0701 44       	 .byte 0x44
 939 0702 0C       	 .byte 0xc
 940 0703 73040000 	 .4byte 0x473
 941 0707 05       	 .uleb128 0x5
 942 0708 06       	 .byte 0x6
 943 0709 45       	 .byte 0x45
 944 070a 0C       	 .byte 0xc
 945 070b A5040000 	 .4byte 0x4a5
 946 070f 05       	 .uleb128 0x5
 947 0710 06       	 .byte 0x6
 948 0711 47       	 .byte 0x47
 949 0712 0C       	 .byte 0xc
 950 0713 C5040000 	 .4byte 0x4c5
 951 0717 05       	 .uleb128 0x5
 952 0718 06       	 .byte 0x6
 953 0719 48       	 .byte 0x48
 954 071a 0C       	 .byte 0xc
 955 071b E6040000 	 .4byte 0x4e6
 956 071f 05       	 .uleb128 0x5
 957 0720 06       	 .byte 0x6
 958 0721 4A       	 .byte 0x4a
 959 0722 0C       	 .byte 0xc
 960 0723 F2040000 	 .4byte 0x4f2
 961 0727 05       	 .uleb128 0x5
 962 0728 06       	 .byte 0x6
 963 0729 4B       	 .byte 0x4b
 964 072a 0C       	 .byte 0xc
 965 072b 04050000 	 .4byte 0x504
 966 072f 05       	 .uleb128 0x5
 967 0730 06       	 .byte 0x6
 968 0731 4C       	 .byte 0x4c
 969 0732 0C       	 .byte 0xc
ARM GAS   			page 18


 970 0733 25050000 	 .4byte 0x525
 971 0737 05       	 .uleb128 0x5
 972 0738 06       	 .byte 0x6
 973 0739 4D       	 .byte 0x4d
 974 073a 0C       	 .byte 0xc
 975 073b 45050000 	 .4byte 0x545
 976 073f 05       	 .uleb128 0x5
 977 0740 06       	 .byte 0x6
 978 0741 4E       	 .byte 0x4e
 979 0742 0C       	 .byte 0xc
 980 0743 65050000 	 .4byte 0x565
 981 0747 05       	 .uleb128 0x5
 982 0748 06       	 .byte 0x6
 983 0749 50       	 .byte 0x50
 984 074a 0C       	 .byte 0xc
 985 074b 7B050000 	 .4byte 0x57b
 986 074f 05       	 .uleb128 0x5
 987 0750 06       	 .byte 0x6
 988 0751 51       	 .byte 0x51
 989 0752 0C       	 .byte 0xc
 990 0753 A1050000 	 .4byte 0x5a1
 991 0757 00       	 .byte 0
 992              	 .section .debug_abbrev,"",%progbits
 993              	.Ldebug_abbrev0:
 994 0000 01       	 .uleb128 0x1
 995 0001 11       	 .uleb128 0x11
 996 0002 01       	 .byte 0x1
 997 0003 25       	 .uleb128 0x25
 998 0004 0E       	 .uleb128 0xe
 999 0005 13       	 .uleb128 0x13
 1000 0006 0B       	 .uleb128 0xb
 1001 0007 03       	 .uleb128 0x3
 1002 0008 0E       	 .uleb128 0xe
 1003 0009 1B       	 .uleb128 0x1b
 1004 000a 0E       	 .uleb128 0xe
 1005 000b 10       	 .uleb128 0x10
 1006 000c 17       	 .uleb128 0x17
 1007 000d 00       	 .byte 0
 1008 000e 00       	 .byte 0
 1009 000f 02       	 .uleb128 0x2
 1010 0010 39       	 .uleb128 0x39
 1011 0011 01       	 .byte 0x1
 1012 0012 03       	 .uleb128 0x3
 1013 0013 08       	 .uleb128 0x8
 1014 0014 3A       	 .uleb128 0x3a
 1015 0015 0B       	 .uleb128 0xb
 1016 0016 3B       	 .uleb128 0x3b
 1017 0017 0B       	 .uleb128 0xb
 1018 0018 01       	 .uleb128 0x1
 1019 0019 13       	 .uleb128 0x13
 1020 001a 00       	 .byte 0
 1021 001b 00       	 .byte 0
 1022 001c 03       	 .uleb128 0x3
 1023 001d 39       	 .uleb128 0x39
 1024 001e 00       	 .byte 0
 1025 001f 03       	 .uleb128 0x3
 1026 0020 0E       	 .uleb128 0xe
ARM GAS   			page 19


 1027 0021 3A       	 .uleb128 0x3a
 1028 0022 0B       	 .uleb128 0xb
 1029 0023 3B       	 .uleb128 0x3b
 1030 0024 05       	 .uleb128 0x5
 1031 0025 39       	 .uleb128 0x39
 1032 0026 0B       	 .uleb128 0xb
 1033 0027 8901     	 .uleb128 0x89
 1034 0029 19       	 .uleb128 0x19
 1035 002a 00       	 .byte 0
 1036 002b 00       	 .byte 0
 1037 002c 04       	 .uleb128 0x4
 1038 002d 3A       	 .uleb128 0x3a
 1039 002e 00       	 .byte 0
 1040 002f 3A       	 .uleb128 0x3a
 1041 0030 0B       	 .uleb128 0xb
 1042 0031 3B       	 .uleb128 0x3b
 1043 0032 05       	 .uleb128 0x5
 1044 0033 39       	 .uleb128 0x39
 1045 0034 0B       	 .uleb128 0xb
 1046 0035 18       	 .uleb128 0x18
 1047 0036 13       	 .uleb128 0x13
 1048 0037 00       	 .byte 0
 1049 0038 00       	 .byte 0
 1050 0039 05       	 .uleb128 0x5
 1051 003a 08       	 .uleb128 0x8
 1052 003b 00       	 .byte 0
 1053 003c 3A       	 .uleb128 0x3a
 1054 003d 0B       	 .uleb128 0xb
 1055 003e 3B       	 .uleb128 0x3b
 1056 003f 0B       	 .uleb128 0xb
 1057 0040 39       	 .uleb128 0x39
 1058 0041 0B       	 .uleb128 0xb
 1059 0042 18       	 .uleb128 0x18
 1060 0043 13       	 .uleb128 0x13
 1061 0044 00       	 .byte 0
 1062 0045 00       	 .byte 0
 1063 0046 06       	 .uleb128 0x6
 1064 0047 2E       	 .uleb128 0x2e
 1065 0048 01       	 .byte 0x1
 1066 0049 3F       	 .uleb128 0x3f
 1067 004a 19       	 .uleb128 0x19
 1068 004b 03       	 .uleb128 0x3
 1069 004c 08       	 .uleb128 0x8
 1070 004d 3A       	 .uleb128 0x3a
 1071 004e 0B       	 .uleb128 0xb
 1072 004f 3B       	 .uleb128 0x3b
 1073 0050 0B       	 .uleb128 0xb
 1074 0051 39       	 .uleb128 0x39
 1075 0052 0B       	 .uleb128 0xb
 1076 0053 6E       	 .uleb128 0x6e
 1077 0054 0E       	 .uleb128 0xe
 1078 0055 49       	 .uleb128 0x49
 1079 0056 13       	 .uleb128 0x13
 1080 0057 3C       	 .uleb128 0x3c
 1081 0058 19       	 .uleb128 0x19
 1082 0059 01       	 .uleb128 0x1
 1083 005a 13       	 .uleb128 0x13
ARM GAS   			page 20


 1084 005b 00       	 .byte 0
 1085 005c 00       	 .byte 0
 1086 005d 07       	 .uleb128 0x7
 1087 005e 05       	 .uleb128 0x5
 1088 005f 00       	 .byte 0
 1089 0060 49       	 .uleb128 0x49
 1090 0061 13       	 .uleb128 0x13
 1091 0062 00       	 .byte 0
 1092 0063 00       	 .byte 0
 1093 0064 08       	 .uleb128 0x8
 1094 0065 2E       	 .uleb128 0x2e
 1095 0066 01       	 .byte 0x1
 1096 0067 3F       	 .uleb128 0x3f
 1097 0068 19       	 .uleb128 0x19
 1098 0069 03       	 .uleb128 0x3
 1099 006a 08       	 .uleb128 0x8
 1100 006b 3A       	 .uleb128 0x3a
 1101 006c 0B       	 .uleb128 0xb
 1102 006d 3B       	 .uleb128 0x3b
 1103 006e 0B       	 .uleb128 0xb
 1104 006f 39       	 .uleb128 0x39
 1105 0070 0B       	 .uleb128 0xb
 1106 0071 6E       	 .uleb128 0x6e
 1107 0072 0E       	 .uleb128 0xe
 1108 0073 49       	 .uleb128 0x49
 1109 0074 13       	 .uleb128 0x13
 1110 0075 3C       	 .uleb128 0x3c
 1111 0076 19       	 .uleb128 0x19
 1112 0077 00       	 .byte 0
 1113 0078 00       	 .byte 0
 1114 0079 09       	 .uleb128 0x9
 1115 007a 39       	 .uleb128 0x39
 1116 007b 01       	 .byte 0x1
 1117 007c 03       	 .uleb128 0x3
 1118 007d 0E       	 .uleb128 0xe
 1119 007e 3A       	 .uleb128 0x3a
 1120 007f 0B       	 .uleb128 0xb
 1121 0080 3B       	 .uleb128 0x3b
 1122 0081 05       	 .uleb128 0x5
 1123 0082 39       	 .uleb128 0x39
 1124 0083 0B       	 .uleb128 0xb
 1125 0084 01       	 .uleb128 0x1
 1126 0085 13       	 .uleb128 0x13
 1127 0086 00       	 .byte 0
 1128 0087 00       	 .byte 0
 1129 0088 0A       	 .uleb128 0xa
 1130 0089 16       	 .uleb128 0x16
 1131 008a 00       	 .byte 0
 1132 008b 03       	 .uleb128 0x3
 1133 008c 0E       	 .uleb128 0xe
 1134 008d 3A       	 .uleb128 0x3a
 1135 008e 0B       	 .uleb128 0xb
 1136 008f 3B       	 .uleb128 0x3b
 1137 0090 0B       	 .uleb128 0xb
 1138 0091 39       	 .uleb128 0x39
 1139 0092 0B       	 .uleb128 0xb
 1140 0093 49       	 .uleb128 0x49
ARM GAS   			page 21


 1141 0094 13       	 .uleb128 0x13
 1142 0095 00       	 .byte 0
 1143 0096 00       	 .byte 0
 1144 0097 0B       	 .uleb128 0xb
 1145 0098 24       	 .uleb128 0x24
 1146 0099 00       	 .byte 0
 1147 009a 0B       	 .uleb128 0xb
 1148 009b 0B       	 .uleb128 0xb
 1149 009c 3E       	 .uleb128 0x3e
 1150 009d 0B       	 .uleb128 0xb
 1151 009e 03       	 .uleb128 0x3
 1152 009f 0E       	 .uleb128 0xe
 1153 00a0 00       	 .byte 0
 1154 00a1 00       	 .byte 0
 1155 00a2 0C       	 .uleb128 0xc
 1156 00a3 24       	 .uleb128 0x24
 1157 00a4 00       	 .byte 0
 1158 00a5 0B       	 .uleb128 0xb
 1159 00a6 0B       	 .uleb128 0xb
 1160 00a7 3E       	 .uleb128 0x3e
 1161 00a8 0B       	 .uleb128 0xb
 1162 00a9 03       	 .uleb128 0x3
 1163 00aa 08       	 .uleb128 0x8
 1164 00ab 00       	 .byte 0
 1165 00ac 00       	 .byte 0
 1166 00ad 0D       	 .uleb128 0xd
 1167 00ae 3B       	 .uleb128 0x3b
 1168 00af 00       	 .byte 0
 1169 00b0 03       	 .uleb128 0x3
 1170 00b1 0E       	 .uleb128 0xe
 1171 00b2 00       	 .byte 0
 1172 00b3 00       	 .byte 0
 1173 00b4 0E       	 .uleb128 0xe
 1174 00b5 0F       	 .uleb128 0xf
 1175 00b6 00       	 .byte 0
 1176 00b7 0B       	 .uleb128 0xb
 1177 00b8 0B       	 .uleb128 0xb
 1178 00b9 00       	 .byte 0
 1179 00ba 00       	 .byte 0
 1180 00bb 0F       	 .uleb128 0xf
 1181 00bc 0F       	 .uleb128 0xf
 1182 00bd 00       	 .byte 0
 1183 00be 0B       	 .uleb128 0xb
 1184 00bf 0B       	 .uleb128 0xb
 1185 00c0 49       	 .uleb128 0x49
 1186 00c1 13       	 .uleb128 0x13
 1187 00c2 00       	 .byte 0
 1188 00c3 00       	 .byte 0
 1189 00c4 10       	 .uleb128 0x10
 1190 00c5 15       	 .uleb128 0x15
 1191 00c6 00       	 .byte 0
 1192 00c7 00       	 .byte 0
 1193 00c8 00       	 .byte 0
 1194 00c9 11       	 .uleb128 0x11
 1195 00ca 26       	 .uleb128 0x26
 1196 00cb 00       	 .byte 0
 1197 00cc 49       	 .uleb128 0x49
ARM GAS   			page 22


 1198 00cd 13       	 .uleb128 0x13
 1199 00ce 00       	 .byte 0
 1200 00cf 00       	 .byte 0
 1201 00d0 12       	 .uleb128 0x12
 1202 00d1 13       	 .uleb128 0x13
 1203 00d2 01       	 .byte 0x1
 1204 00d3 0B       	 .uleb128 0xb
 1205 00d4 0B       	 .uleb128 0xb
 1206 00d5 3A       	 .uleb128 0x3a
 1207 00d6 0B       	 .uleb128 0xb
 1208 00d7 3B       	 .uleb128 0x3b
 1209 00d8 0B       	 .uleb128 0xb
 1210 00d9 39       	 .uleb128 0x39
 1211 00da 0B       	 .uleb128 0xb
 1212 00db 6E       	 .uleb128 0x6e
 1213 00dc 0E       	 .uleb128 0xe
 1214 00dd 01       	 .uleb128 0x1
 1215 00de 13       	 .uleb128 0x13
 1216 00df 00       	 .byte 0
 1217 00e0 00       	 .byte 0
 1218 00e1 13       	 .uleb128 0x13
 1219 00e2 0D       	 .uleb128 0xd
 1220 00e3 00       	 .byte 0
 1221 00e4 03       	 .uleb128 0x3
 1222 00e5 0E       	 .uleb128 0xe
 1223 00e6 3A       	 .uleb128 0x3a
 1224 00e7 0B       	 .uleb128 0xb
 1225 00e8 3B       	 .uleb128 0x3b
 1226 00e9 0B       	 .uleb128 0xb
 1227 00ea 39       	 .uleb128 0x39
 1228 00eb 0B       	 .uleb128 0xb
 1229 00ec 49       	 .uleb128 0x49
 1230 00ed 13       	 .uleb128 0x13
 1231 00ee 38       	 .uleb128 0x38
 1232 00ef 0B       	 .uleb128 0xb
 1233 00f0 00       	 .byte 0
 1234 00f1 00       	 .byte 0
 1235 00f2 14       	 .uleb128 0x14
 1236 00f3 0D       	 .uleb128 0xd
 1237 00f4 00       	 .byte 0
 1238 00f5 03       	 .uleb128 0x3
 1239 00f6 08       	 .uleb128 0x8
 1240 00f7 3A       	 .uleb128 0x3a
 1241 00f8 0B       	 .uleb128 0xb
 1242 00f9 3B       	 .uleb128 0x3b
 1243 00fa 0B       	 .uleb128 0xb
 1244 00fb 39       	 .uleb128 0x39
 1245 00fc 0B       	 .uleb128 0xb
 1246 00fd 49       	 .uleb128 0x49
 1247 00fe 13       	 .uleb128 0x13
 1248 00ff 38       	 .uleb128 0x38
 1249 0100 0B       	 .uleb128 0xb
 1250 0101 00       	 .byte 0
 1251 0102 00       	 .byte 0
 1252 0103 15       	 .uleb128 0x15
 1253 0104 15       	 .uleb128 0x15
 1254 0105 01       	 .byte 0x1
ARM GAS   			page 23


 1255 0106 49       	 .uleb128 0x49
 1256 0107 13       	 .uleb128 0x13
 1257 0108 01       	 .uleb128 0x1
 1258 0109 13       	 .uleb128 0x13
 1259 010a 00       	 .byte 0
 1260 010b 00       	 .byte 0
 1261 010c 16       	 .uleb128 0x16
 1262 010d 26       	 .uleb128 0x26
 1263 010e 00       	 .byte 0
 1264 010f 00       	 .byte 0
 1265 0110 00       	 .byte 0
 1266 0111 17       	 .uleb128 0x17
 1267 0112 2E       	 .uleb128 0x2e
 1268 0113 01       	 .byte 0x1
 1269 0114 3F       	 .uleb128 0x3f
 1270 0115 19       	 .uleb128 0x19
 1271 0116 03       	 .uleb128 0x3
 1272 0117 0E       	 .uleb128 0xe
 1273 0118 3A       	 .uleb128 0x3a
 1274 0119 0B       	 .uleb128 0xb
 1275 011a 3B       	 .uleb128 0x3b
 1276 011b 0B       	 .uleb128 0xb
 1277 011c 39       	 .uleb128 0x39
 1278 011d 0B       	 .uleb128 0xb
 1279 011e 49       	 .uleb128 0x49
 1280 011f 13       	 .uleb128 0x13
 1281 0120 3C       	 .uleb128 0x3c
 1282 0121 19       	 .uleb128 0x19
 1283 0122 01       	 .uleb128 0x1
 1284 0123 13       	 .uleb128 0x13
 1285 0124 00       	 .byte 0
 1286 0125 00       	 .byte 0
 1287 0126 18       	 .uleb128 0x18
 1288 0127 2E       	 .uleb128 0x2e
 1289 0128 01       	 .byte 0x1
 1290 0129 3F       	 .uleb128 0x3f
 1291 012a 19       	 .uleb128 0x19
 1292 012b 03       	 .uleb128 0x3
 1293 012c 08       	 .uleb128 0x8
 1294 012d 3A       	 .uleb128 0x3a
 1295 012e 0B       	 .uleb128 0xb
 1296 012f 3B       	 .uleb128 0x3b
 1297 0130 0B       	 .uleb128 0xb
 1298 0131 39       	 .uleb128 0x39
 1299 0132 0B       	 .uleb128 0xb
 1300 0133 49       	 .uleb128 0x49
 1301 0134 13       	 .uleb128 0x13
 1302 0135 3C       	 .uleb128 0x3c
 1303 0136 19       	 .uleb128 0x19
 1304 0137 01       	 .uleb128 0x1
 1305 0138 13       	 .uleb128 0x13
 1306 0139 00       	 .byte 0
 1307 013a 00       	 .byte 0
 1308 013b 19       	 .uleb128 0x19
 1309 013c 2E       	 .uleb128 0x2e
 1310 013d 01       	 .byte 0x1
 1311 013e 3F       	 .uleb128 0x3f
ARM GAS   			page 24


 1312 013f 19       	 .uleb128 0x19
 1313 0140 03       	 .uleb128 0x3
 1314 0141 0E       	 .uleb128 0xe
 1315 0142 3A       	 .uleb128 0x3a
 1316 0143 0B       	 .uleb128 0xb
 1317 0144 3B       	 .uleb128 0x3b
 1318 0145 0B       	 .uleb128 0xb
 1319 0146 39       	 .uleb128 0x39
 1320 0147 0B       	 .uleb128 0xb
 1321 0148 3C       	 .uleb128 0x3c
 1322 0149 19       	 .uleb128 0x19
 1323 014a 01       	 .uleb128 0x1
 1324 014b 13       	 .uleb128 0x13
 1325 014c 00       	 .byte 0
 1326 014d 00       	 .byte 0
 1327 014e 1A       	 .uleb128 0x1a
 1328 014f 2E       	 .uleb128 0x2e
 1329 0150 00       	 .byte 0
 1330 0151 3F       	 .uleb128 0x3f
 1331 0152 19       	 .uleb128 0x19
 1332 0153 03       	 .uleb128 0x3
 1333 0154 0E       	 .uleb128 0xe
 1334 0155 3A       	 .uleb128 0x3a
 1335 0156 0B       	 .uleb128 0xb
 1336 0157 3B       	 .uleb128 0x3b
 1337 0158 0B       	 .uleb128 0xb
 1338 0159 39       	 .uleb128 0x39
 1339 015a 0B       	 .uleb128 0xb
 1340 015b 49       	 .uleb128 0x49
 1341 015c 13       	 .uleb128 0x13
 1342 015d 3C       	 .uleb128 0x3c
 1343 015e 19       	 .uleb128 0x19
 1344 015f 00       	 .byte 0
 1345 0160 00       	 .byte 0
 1346 0161 1B       	 .uleb128 0x1b
 1347 0162 2E       	 .uleb128 0x2e
 1348 0163 01       	 .byte 0x1
 1349 0164 3F       	 .uleb128 0x3f
 1350 0165 19       	 .uleb128 0x19
 1351 0166 03       	 .uleb128 0x3
 1352 0167 0E       	 .uleb128 0xe
 1353 0168 3A       	 .uleb128 0x3a
 1354 0169 0B       	 .uleb128 0xb
 1355 016a 3B       	 .uleb128 0x3b
 1356 016b 05       	 .uleb128 0x5
 1357 016c 39       	 .uleb128 0x39
 1358 016d 0B       	 .uleb128 0xb
 1359 016e 49       	 .uleb128 0x49
 1360 016f 13       	 .uleb128 0x13
 1361 0170 3C       	 .uleb128 0x3c
 1362 0171 19       	 .uleb128 0x19
 1363 0172 01       	 .uleb128 0x1
 1364 0173 13       	 .uleb128 0x13
 1365 0174 00       	 .byte 0
 1366 0175 00       	 .byte 0
 1367 0176 00       	 .byte 0
 1368              	 .section .debug_aranges,"",%progbits
ARM GAS   			page 25


 1369 0000 14000000 	 .4byte 0x14
 1370 0004 0200     	 .2byte 0x2
 1371 0006 00000000 	 .4byte .Ldebug_info0
 1372 000a 04       	 .byte 0x4
 1373 000b 00       	 .byte 0
 1374 000c 0000     	 .2byte 0
 1375 000e 0000     	 .2byte 0
 1376 0010 00000000 	 .4byte 0
 1377 0014 00000000 	 .4byte 0
 1378              	 .section .debug_line,"",%progbits
 1379              	.Ldebug_line0:
 1380 0000 E1010000 	 .section .debug_str,"MS",%progbits,1
 1380      0300DB01 
 1380      00000201 
 1380      FB0E0D00 
 1380      01010101 
 1381              	.LASF49:
 1382 0000 61746F6C 	 .ascii "atoll\000"
 1382      6C00
 1383              	.LASF19:
 1384 0006 71756F74 	 .ascii "quot\000"
 1384      00
 1385              	.LASF20:
 1386 000b 73697A65 	 .ascii "size_t\000"
 1386      5F7400
 1387              	.LASF5:
 1388 0012 5F5F6378 	 .ascii "__cxx11\000"
 1388      78313100 
 1389              	.LASF6:
 1390 001a 5F5A5374 	 .ascii "_ZSt3divll\000"
 1390      33646976 
 1390      6C6C00
 1391              	.LASF56:
 1392 0025 433A5C55 	 .ascii "C:\\Users\\niels\\Documents\\Elektrotechniek\\Jaar "
 1392      73657273 
 1392      5C6E6965 
 1392      6C735C44 
 1392      6F63756D 
 1393 0053 325C4543 	 .ascii "2\\ECS\\ECSL\\software\\STM32\\STM32Basis\\HAL\\gem"
 1393      535C4543 
 1393      534C5C73 
 1393      6F667477 
 1393      6172655C 
 1394 007f 65656E73 	 .ascii "eenschappelijk\\Third_Party\\FreeRTOS\\Source\\time"
 1394      63686170 
 1394      70656C69 
 1394      6A6B5C54 
 1394      68697264 
 1395 00ae 72732E63 	 .ascii "rs.c\000"
 1395      00
 1396              	.LASF46:
 1397 00b3 77637374 	 .ascii "wcstombs\000"
 1397      6F6D6273 
 1397      00
 1398              	.LASF25:
 1399 00bc 376C6C64 	 .ascii "7lldiv_t\000"
 1399      69765F74 
ARM GAS   			page 26


 1399      00
 1400              	.LASF17:
 1401 00c5 6C6F6E67 	 .ascii "long long unsigned int\000"
 1401      206C6F6E 
 1401      6720756E 
 1401      7369676E 
 1401      65642069 
 1402              	.LASF28:
 1403 00dc 61746578 	 .ascii "atexit\000"
 1403      697400
 1404              	.LASF21:
 1405 00e3 6469765F 	 .ascii "div_t\000"
 1405      7400
 1406              	.LASF9:
 1407 00e9 6C6F6E67 	 .ascii "long long int\000"
 1407      206C6F6E 
 1407      6720696E 
 1407      7400
 1408              	.LASF11:
 1409 00f7 7369676E 	 .ascii "signed char\000"
 1409      65642063 
 1409      68617200 
 1410              	.LASF36:
 1411 0103 6D626C65 	 .ascii "mblen\000"
 1411      6E00
 1412              	.LASF42:
 1413 0109 73747274 	 .ascii "strtod\000"
 1413      6F6400
 1414              	.LASF52:
 1415 0110 73747274 	 .ascii "strtof\000"
 1415      6F6600
 1416              	.LASF15:
 1417 0117 6C6F6E67 	 .ascii "long int\000"
 1417      20696E74 
 1417      00
 1418              	.LASF43:
 1419 0120 73747274 	 .ascii "strtol\000"
 1419      6F6C00
 1420              	.LASF24:
 1421 0127 6C646976 	 .ascii "ldiv_t\000"
 1421      5F7400
 1422              	.LASF30:
 1423 012e 646F7562 	 .ascii "double\000"
 1423      6C6500
 1424              	.LASF39:
 1425 0135 6D62746F 	 .ascii "mbtowc\000"
 1425      776300
 1426              	.LASF40:
 1427 013c 71736F72 	 .ascii "qsort\000"
 1427      7400
 1428              	.LASF8:
 1429 0142 756E7369 	 .ascii "unsigned int\000"
 1429      676E6564 
 1429      20696E74 
 1429      00
 1430              	.LASF16:
 1431 014f 6C6F6E67 	 .ascii "long unsigned int\000"
ARM GAS   			page 27


 1431      20756E73 
 1431      69676E65 
 1431      6420696E 
 1431      7400
 1432              	.LASF41:
 1433 0161 7372616E 	 .ascii "srand\000"
 1433      6400
 1434              	.LASF60:
 1435 0167 72616E64 	 .ascii "rand\000"
 1435      00
 1436              	.LASF22:
 1437 016c 35646976 	 .ascii "5div_t\000"
 1437      5F7400
 1438              	.LASF14:
 1439 0173 73686F72 	 .ascii "short unsigned int\000"
 1439      7420756E 
 1439      7369676E 
 1439      65642069 
 1439      6E7400
 1440              	.LASF33:
 1441 0186 62736561 	 .ascii "bsearch\000"
 1441      72636800 
 1442              	.LASF48:
 1443 018e 6C6C6469 	 .ascii "lldiv\000"
 1443      7600
 1444              	.LASF38:
 1445 0194 77636861 	 .ascii "wchar_t\000"
 1445      725F7400 
 1446              	.LASF59:
 1447 019c 6465636C 	 .ascii "decltype(nullptr)\000"
 1447      74797065 
 1447      286E756C 
 1447      6C707472 
 1447      2900
 1448              	.LASF34:
 1449 01ae 67657465 	 .ascii "getenv\000"
 1449      6E7600
 1450              	.LASF10:
 1451 01b5 6C6F6E67 	 .ascii "long double\000"
 1451      20646F75 
 1451      626C6500 
 1452              	.LASF35:
 1453 01c1 6C646976 	 .ascii "ldiv\000"
 1453      00
 1454              	.LASF53:
 1455 01c6 666C6F61 	 .ascii "float\000"
 1455      7400
 1456              	.LASF37:
 1457 01cc 6D627374 	 .ascii "mbstowcs\000"
 1457      6F776373 
 1457      00
 1458              	.LASF29:
 1459 01d5 61746F66 	 .ascii "atof\000"
 1459      00
 1460              	.LASF31:
 1461 01da 61746F69 	 .ascii "atoi\000"
 1461      00
ARM GAS   			page 28


 1462              	.LASF32:
 1463 01df 61746F6C 	 .ascii "atol\000"
 1463      00
 1464              	.LASF12:
 1465 01e4 756E7369 	 .ascii "unsigned char\000"
 1465      676E6564 
 1465      20636861 
 1465      7200
 1466              	.LASF23:
 1467 01f2 366C6469 	 .ascii "6ldiv_t\000"
 1467      765F7400 
 1468              	.LASF26:
 1469 01fa 6C6C6469 	 .ascii "lldiv_t\000"
 1469      765F7400 
 1470              	.LASF13:
 1471 0202 73686F72 	 .ascii "short int\000"
 1471      7420696E 
 1471      7400
 1472              	.LASF54:
 1473 020c 73747274 	 .ascii "strtold\000"
 1473      6F6C6400 
 1474              	.LASF50:
 1475 0214 73747274 	 .ascii "strtoll\000"
 1475      6F6C6C00 
 1476              	.LASF47:
 1477 021c 7763746F 	 .ascii "wctomb\000"
 1477      6D6200
 1478              	.LASF2:
 1479 0223 5F5A5374 	 .ascii "_ZSt3absd\000"
 1479      33616273 
 1479      6400
 1480              	.LASF0:
 1481 022d 5F5A5374 	 .ascii "_ZSt3abse\000"
 1481      33616273 
 1481      6500
 1482              	.LASF1:
 1483 0237 5F5A5374 	 .ascii "_ZSt3absf\000"
 1483      33616273 
 1483      6600
 1484              	.LASF7:
 1485 0241 5F5A4E39 	 .ascii "_ZN9__gnu_cxx3divExx\000"
 1485      5F5F676E 
 1485      755F6378 
 1485      78336469 
 1485      76457878 
 1486              	.LASF4:
 1487 0256 5F5A5374 	 .ascii "_ZSt3absl\000"
 1487      33616273 
 1487      6C00
 1488              	.LASF3:
 1489 0260 5F5A5374 	 .ascii "_ZSt3absx\000"
 1489      33616273 
 1489      7800
 1490              	.LASF55:
 1491 026a 474E5520 	 .ascii "GNU C++14 10.3.1 20210824 (release) -mcpu=cortex-m4"
 1491      432B2B31 
 1491      34203130 
ARM GAS   			page 29


 1491      2E332E31 
 1491      20323032 
 1492 029d 202D6D66 	 .ascii " -mfloat-abi=hard -mfpu=fpv4-sp-d16 -mfix-cortex-m3"
 1492      6C6F6174 
 1492      2D616269 
 1492      3D686172 
 1492      64202D6D 
 1493 02d0 2D6C6472 	 .ascii "-ldrd -mthumb -mno-unaligned-access -mapcs-frame -m"
 1493      64202D6D 
 1493      7468756D 
 1493      62202D6D 
 1493      6E6F2D75 
 1494 0303 61726368 	 .ascii "arch=armv7e-m+fp -g -g -O0 -fsingle-precision-const"
 1494      3D61726D 
 1494      7637652D 
 1494      6D2B6670 
 1494      202D6720 
 1495 0336 616E7420 	 .ascii "ant -funsigned-char -ffunction-sections -fdata-sect"
 1495      2D66756E 
 1495      7369676E 
 1495      65642D63 
 1495      68617220 
 1496 0369 696F6E73 	 .ascii "ions\000"
 1496      00
 1497              	.LASF18:
 1498 036e 63686172 	 .ascii "char\000"
 1498      00
 1499              	.LASF51:
 1500 0373 73747274 	 .ascii "strtoull\000"
 1500      6F756C6C 
 1500      00
 1501              	.LASF57:
 1502 037c 433A5C55 	 .ascii "C:\\Users\\niels\\DOCUME~1\\ELEKTR~1\\JAAR2~1\\ECS\\"
 1502      73657273 
 1502      5C6E6965 
 1502      6C735C44 
 1502      4F43554D 
 1503 03a9 4543534C 	 .ascii "ECSL\\software\\STM32\\PRACTI~1\\CLion\\Debug\\Free"
 1503      5C736F66 
 1503      74776172 
 1503      655C5354 
 1503      4D33325C 
 1504 03d6 52544F53 	 .ascii "RTOS\000"
 1504      00
 1505              	.LASF44:
 1506 03db 73747274 	 .ascii "strtoul\000"
 1506      6F756C00 
 1507              	.LASF45:
 1508 03e3 73797374 	 .ascii "system\000"
 1508      656D00
 1509              	.LASF27:
 1510 03ea 5F5F636F 	 .ascii "__compar_fn_t\000"
 1510      6D706172 
 1510      5F666E5F 
 1510      7400
 1511              	.LASF58:
 1512 03f8 5F5F676E 	 .ascii "__gnu_cxx\000"
ARM GAS   			page 30


 1512      755F6378 
 1512      7800
 1513              	 .ident "GCC: (GNU Arm Embedded Toolchain 10.3-2021.10) 10.3.1 20210824 (release)"
