ARM GAS  C:\Users\niels\AppData\Local\Temp\ccHPHbz0.s 			page 1


   1              	# 1 "C:\\Users\\niels\\Documents\\Elektrotechniek\\Jaar 2\\ECS\\ECSL\\software\\STM32\\STM32Basis\\
   1              	/**
   0              	
   0              	
   0              	
   2              	  ******************************************************************************
   3              	  * @file      startup_stm32f412zx.s
   4              	  * @author    MCD Application Team
   5              	  * @brief     STM32F412Zx Devices vector table for GCC based toolchains. 
   6              	  *            This module performs:
   7              	  *                - Set the initial SP
   8              	  *                - Set the initial PC == Reset_Handler,
   9              	  *                - Set the vector table entries with the exceptions ISR address
  10              	  *                - Branches to main in the C library (which eventually
  11              	  *                  calls main()).
  12              	  *            After Reset the Cortex-M4 processor is in Thread mode,
  13              	  *            priority is Privileged, and the Stack is set to Main.
  14              	  ******************************************************************************
  15              	  * @attention
  16              	  *
  17              	  * <h2><center>&copy; Copyright (c) 2017 STMicroelectronics.
  18              	  * All rights reserved.</center></h2>
  19              	  *
  20              	  * This software component is licensed by ST under BSD 3-Clause license,
  21              	  * the "License"; You may not use this file except in compliance with the
  22              	  * License. You may obtain a copy of the License at:
  23              	  *                        opensource.org/licenses/BSD-3-Clause
  24              	  *
  25              	  ******************************************************************************
  26              	  */
  27              	    
  28              	  .syntax unified
  29              	  .cpu cortex-m4
  30              	  .fpu softvfp
  31              	  .thumb
  32              	
  33              	.global  g_pfnVectors
  34              	.global  Default_Handler
  35              	
  36              	/* start address for the initialization values of the .data section. 
  37              	defined in linker script */
  38 0000 00000000 	.word  _sidata
  39              	/* start address for the .data section. defined in linker script */
  40 0004 00000000 	.word  _sdata
  41              	/* end address for the .data section. defined in linker script */
  42 0008 00000000 	.word  _edata
  43              	/* start address for the .bss section. defined in linker script */
  44 000c 00000000 	.word  _sbss
  45              	/* end address for the .bss section. defined in linker script */
  46 0010 00000000 	.word  _ebss
  47              	/* stack used for SystemInit_ExtMemCtl; always internal RAM used */
  48              	
  49              	/**
  50              	 * @brief  This is the code that gets called when the processor first
  51              	 *          starts execution following a reset event. Only the absolutely
  52              	 *          necessary set is performed, after which the application
  53              	 *          supplied main() routine is called. 
ARM GAS  C:\Users\niels\AppData\Local\Temp\ccHPHbz0.s 			page 2


  54              	 * @param  None
  55              	 * @retval : None
  56              	*/
  57              	
  58              	    .section  .text.Reset_Handler
  59              	  .weak  Reset_Handler
  60              	  .type  Reset_Handler, %function
  61              	Reset_Handler:  
  62 0000 DFF834D0 	  ldr   sp, =_estack       /* set stack pointer */
  63              	
  64              	/* Copy the data segment initializers from flash to SRAM */
  65 0004 0021     	  movs  r1, #0
  66 0006 03E0     	  b  LoopCopyDataInit
  67              	
  68              	CopyDataInit:
  69 0008 0C4B     	  ldr  r3, =_sidata
  70 000a 5B58     	  ldr  r3, [r3, r1]
  71 000c 4350     	  str  r3, [r0, r1]
  72 000e 0431     	  adds  r1, r1, #4
  73              	    
  74              	LoopCopyDataInit:
  75 0010 0B48     	  ldr  r0, =_sdata
  76 0012 0C4B     	  ldr  r3, =_edata
  77 0014 4218     	  adds  r2, r0, r1
  78 0016 9A42     	  cmp  r2, r3
  79 0018 F6D3     	  bcc  CopyDataInit
  80 001a 0B4A     	  ldr  r2, =_sbss
  81 001c 02E0     	  b  LoopFillZerobss
  82              	/* Zero fill the bss segment. */
  83              	FillZerobss:
  84 001e 0023     	  movs  r3, #0
  85 0020 42F8043B 	  str  r3, [r2], #4
  86              	    
  87              	LoopFillZerobss:
  88 0024 094B     	  ldr  r3, = _ebss
  89 0026 9A42     	  cmp  r2, r3
  90 0028 F9D3     	  bcc  FillZerobss
  91              	
  92              	/* Call the clock system intitialization function.*/
  93 002a FFF7FEFF 	  bl  SystemInit   
  94              	/* Call static constructors */
  95 002e FFF7FEFF 	    bl __libc_init_array
  96              	/* Call the application's entry point.*/
  97 0032 FFF7FEFF 	  bl  main
  98 0036 7047     	  bx  lr    
  99              	.size  Reset_Handler, .-Reset_Handler
 100              	
 101              	/**
 102              	 * @brief  This is the code that gets called when the processor receives an 
 103              	 *         unexpected interrupt.  This simply enters an infinite loop, preserving
 104              	 *         the system state for examination by a debugger.
 105              	 * @param  None     
 106              	 * @retval None       
 107              	*/
 108              	    .section  .text.Default_Handler,"ax",%progbits
 109              	Default_Handler:
 110              	Infinite_Loop:
ARM GAS  C:\Users\niels\AppData\Local\Temp\ccHPHbz0.s 			page 3


 111 0000 FEE7     	  b  Infinite_Loop
 112              	  .size  Default_Handler, .-Default_Handler
 113              	/******************************************************************************
 114              	*
 115              	* The minimal vector table for a Cortex M3. Note that the proper constructs
 116              	* must be placed on this to ensure that it ends up at physical address
 117              	* 0x0000.0000.
 118              	* 
 119              	*******************************************************************************/
 120              	   .section  .isr_vector,"a",%progbits
 121              	  .type  g_pfnVectors, %object
 122              	  .size  g_pfnVectors, .-g_pfnVectors
 123              	    
 124              	g_pfnVectors:
 125 0000 00000000 	  .word  _estack
 126 0004 00000000 	  .word  Reset_Handler
 127 0008 00000000 	  .word  NMI_Handler
 128 000c 00000000 	  .word  HardFault_Handler
 129 0010 00000000 	  .word  MemManage_Handler
 130 0014 00000000 	  .word  BusFault_Handler
 131 0018 00000000 	  .word  UsageFault_Handler
 132 001c 00000000 	  .word  0
 133 0020 00000000 	  .word  0
 134 0024 00000000 	  .word  0
 135 0028 00000000 	  .word  0
 136 002c 00000000 	  .word  SVC_Handler
 137 0030 00000000 	  .word  DebugMon_Handler
 138 0034 00000000 	  .word  0
 139 0038 00000000 	  .word  PendSV_Handler
 140 003c 00000000 	  .word  SysTick_Handler
 141              	
 142              	  /* External Interrupts */
 143 0040 00000000 	  .word     WWDG_IRQHandler                   /* Window WatchDog                             */
 144 0044 00000000 	  .word     PVD_IRQHandler                    /* PVD through EXTI Line detection             */
 145 0048 00000000 	  .word     TAMP_STAMP_IRQHandler             /* Tamper and TimeStamps through the EXTI line */
 146 004c 00000000 	  .word     RTC_WKUP_IRQHandler               /* RTC Wakeup through the EXTI line            */
 147 0050 00000000 	  .word     FLASH_IRQHandler                  /* FLASH                                       */
 148 0054 00000000 	  .word     RCC_IRQHandler                    /* RCC                                         */
 149 0058 00000000 	  .word     EXTI0_IRQHandler                  /* EXTI Line0                                  */
 150 005c 00000000 	  .word     EXTI1_IRQHandler                  /* EXTI Line1                                  */
 151 0060 00000000 	  .word     EXTI2_IRQHandler                  /* EXTI Line2                                  */
 152 0064 00000000 	  .word     EXTI3_IRQHandler                  /* EXTI Line3                                  */
 153 0068 00000000 	  .word     EXTI4_IRQHandler                  /* EXTI Line4                                  */
 154 006c 00000000 	  .word     DMA1_Stream0_IRQHandler           /* DMA1 Stream 0                               */
 155 0070 00000000 	  .word     DMA1_Stream1_IRQHandler           /* DMA1 Stream 1                               */
 156 0074 00000000 	  .word     DMA1_Stream2_IRQHandler           /* DMA1 Stream 2                               */
 157 0078 00000000 	  .word     DMA1_Stream3_IRQHandler           /* DMA1 Stream 3                               */
 158 007c 00000000 	  .word     DMA1_Stream4_IRQHandler           /* DMA1 Stream 4                               */
 159 0080 00000000 	  .word     DMA1_Stream5_IRQHandler           /* DMA1 Stream 5                               */
 160 0084 00000000 	  .word     DMA1_Stream6_IRQHandler           /* DMA1 Stream 6                               */
 161 0088 00000000 	  .word     ADC_IRQHandler                    /* ADC1, ADC2 and ADC3s                        */
 162 008c 00000000 	  .word     CAN1_TX_IRQHandler                /* CAN1 TX                                     */
 163 0090 00000000 	  .word     CAN1_RX0_IRQHandler               /* CAN1 RX0                                    */
 164 0094 00000000 	  .word     CAN1_RX1_IRQHandler               /* CAN1 RX1                                    */
 165 0098 00000000 	  .word     CAN1_SCE_IRQHandler               /* CAN1 SCE                                    */
 166 009c 00000000 	  .word     EXTI9_5_IRQHandler                /* External Line[9:5]s                         */
 167 00a0 00000000 	  .word     TIM1_BRK_TIM9_IRQHandler          /* TIM1 Break and TIM9                         */
ARM GAS  C:\Users\niels\AppData\Local\Temp\ccHPHbz0.s 			page 4


 168 00a4 00000000 	  .word     TIM1_UP_TIM10_IRQHandler          /* TIM1 Update and TIM10                       */
 169 00a8 00000000 	  .word     TIM1_TRG_COM_TIM11_IRQHandler     /* TIM1 Trigger and Commutation and TIM11      */
 170 00ac 00000000 	  .word     TIM1_CC_IRQHandler                /* TIM1 Capture Compare                        */
 171 00b0 00000000 	  .word     TIM2_IRQHandler                   /* TIM2                                        */
 172 00b4 00000000 	  .word     TIM3_IRQHandler                   /* TIM3                                        */
 173 00b8 00000000 	  .word     TIM4_IRQHandler                   /* TIM4                                        */
 174 00bc 00000000 	  .word     I2C1_EV_IRQHandler                /* I2C1 Event                                  */
 175 00c0 00000000 	  .word     I2C1_ER_IRQHandler                /* I2C1 Error                                  */
 176 00c4 00000000 	  .word     I2C2_EV_IRQHandler                /* I2C2 Event                                  */
 177 00c8 00000000 	  .word     I2C2_ER_IRQHandler                /* I2C2 Error                                  */
 178 00cc 00000000 	  .word     SPI1_IRQHandler                   /* SPI1                                        */
 179 00d0 00000000 	  .word     SPI2_IRQHandler                   /* SPI2                                        */
 180 00d4 00000000 	  .word     USART1_IRQHandler                 /* USART1                                      */
 181 00d8 00000000 	  .word     USART2_IRQHandler                 /* USART2                                      */
 182 00dc 00000000 	  .word     USART3_IRQHandler                 /* USART3                                      */
 183 00e0 00000000 	  .word     EXTI15_10_IRQHandler              /* External Line[15:10]s                       */
 184 00e4 00000000 	  .word     RTC_Alarm_IRQHandler              /* RTC Alarm (A and B) through EXTI Line       */
 185 00e8 00000000 	  .word     OTG_FS_WKUP_IRQHandler            /* USB OTG FS Wakeup through EXTI line         */
 186 00ec 00000000 	  .word     TIM8_BRK_TIM12_IRQHandler         /* TIM8 Break and TIM12                        */
 187 00f0 00000000 	  .word     TIM8_UP_TIM13_IRQHandler          /* TIM8 Update and TIM13                       */
 188 00f4 00000000 	  .word     TIM8_TRG_COM_TIM14_IRQHandler     /* TIM8 Trigger and Commutation and TIM14      */
 189 00f8 00000000 	  .word     TIM8_CC_IRQHandler                /* TIM8 Capture Compare                        */
 190 00fc 00000000 	  .word     DMA1_Stream7_IRQHandler           /* DMA1 Stream7                                */
 191 0100 00000000 	  .word     0                                 /* Reserved                                    */
 192 0104 00000000 	  .word     SDIO_IRQHandler                   /* SDIO                                        */
 193 0108 00000000 	  .word     TIM5_IRQHandler                   /* TIM5                                        */
 194 010c 00000000 	  .word     SPI3_IRQHandler                   /* SPI3                                        */
 195 0110 00000000 	  .word     0                                 /* Reserved                                    */
 196 0114 00000000 	  .word     0                                 /* Reserved                                    */
 197 0118 00000000 	  .word     TIM6_IRQHandler                   /* TIM6                                        */
 198 011c 00000000 	  .word     TIM7_IRQHandler                   /* TIM7                                        */
 199 0120 00000000 	  .word     DMA2_Stream0_IRQHandler           /* DMA2 Stream 0                               */
 200 0124 00000000 	  .word     DMA2_Stream1_IRQHandler           /* DMA2 Stream 1                               */
 201 0128 00000000 	  .word     DMA2_Stream2_IRQHandler           /* DMA2 Stream 2                               */
 202 012c 00000000 	  .word     DMA2_Stream3_IRQHandler           /* DMA2 Stream 3                               */
 203 0130 00000000 	  .word     DMA2_Stream4_IRQHandler           /* DMA2 Stream 4                               */
 204 0134 00000000 	  .word     DFSDM1_FLT0_IRQHandler            /* DFSDM1 Filter0                              */
 205 0138 00000000 	  .word     DFSDM1_FLT1_IRQHandler            /* DFSDM1 Filter1                              */
 206 013c 00000000 	  .word     CAN2_TX_IRQHandler                /* CAN2 TX                                     */
 207 0140 00000000 	  .word     CAN2_RX0_IRQHandler               /* CAN2 RX0                                    */
 208 0144 00000000 	  .word     CAN2_RX1_IRQHandler               /* CAN2 RX1                                    */
 209 0148 00000000 	  .word     CAN2_SCE_IRQHandler               /* CAN2 SCE                                    */
 210 014c 00000000 	  .word     OTG_FS_IRQHandler                 /* USB OTG FS                                  */
 211 0150 00000000 	  .word     DMA2_Stream5_IRQHandler           /* DMA2 Stream 5                               */
 212 0154 00000000 	  .word     DMA2_Stream6_IRQHandler           /* DMA2 Stream 6                               */
 213 0158 00000000 	  .word     DMA2_Stream7_IRQHandler           /* DMA2 Stream 7                               */
 214 015c 00000000 	  .word     USART6_IRQHandler                 /* USART6                                      */
 215 0160 00000000 	  .word     I2C3_EV_IRQHandler                /* I2C3 event                                  */
 216 0164 00000000 	  .word     I2C3_ER_IRQHandler                /* I2C3 error                                  */
 217 0168 00000000 	  .word     0                                 /* Reserved                                    */
 218 016c 00000000 	  .word     0                                 /* Reserved                                    */
 219 0170 00000000 	  .word     0                                 /* Reserved                                    */
 220 0174 00000000 	  .word     0                                 /* Reserved                                    */
 221 0178 00000000 	  .word     0                                 /* Reserved                                    */
 222 017c 00000000 	  .word     0                                 /* Reserved                                    */
 223 0180 00000000 	  .word     RNG_IRQHandler                    /* RNG                                         */
 224 0184 00000000 	  .word     FPU_IRQHandler                    /* FPU                                         */
ARM GAS  C:\Users\niels\AppData\Local\Temp\ccHPHbz0.s 			page 5


 225 0188 00000000 	  .word     0                                 /* Reserved                                    */
 226 018c 00000000 	  .word     0                                 /* Reserved                                    */
 227 0190 00000000 	  .word     SPI4_IRQHandler                   /* SPI4                                        */
 228 0194 00000000 	  .word     SPI5_IRQHandler                   /* SPI5                                        */
 229 0198 00000000 	  .word     0                                 /* Reserved                                    */
 230 019c 00000000 	  .word     0                                 /* Reserved                                    */
 231 01a0 00000000 	  .word     0                                 /* Reserved                                    */
 232 01a4 00000000 	  .word     0                                 /* Reserved                                    */
 233 01a8 00000000 	  .word     0                                 /* Reserved                                    */
 234 01ac 00000000 	  .word     0                                 /* Reserved                                    */
 235 01b0 00000000 	  .word     QUADSPI_IRQHandler                /* QuadSPI                                     */
 236 01b4 00000000 	  .word     0                                 /* Reserved                                    */
 237 01b8 00000000 	  .word     0                                 /* Reserved                                    */
 238 01bc 00000000 	  .word     FMPI2C1_EV_IRQHandler             /* FMPI2C1 Event                               */
 239 01c0 00000000 	  .word     FMPI2C1_ER_IRQHandler             /* FMPI2C1 Error                               */
 240              	
 241              	/*******************************************************************************
 242              	*
 243              	* Provide weak aliases for each Exception handler to the Default_Handler. 
 244              	* As they are weak aliases, any function with the same name will override 
 245              	* this definition.
 246              	*
 247              	*******************************************************************************/
 248              	   .weak      NMI_Handler
 249              	   .thumb_set NMI_Handler,Default_Handler
 250              	
 251              	   .weak      HardFault_Handler
 252              	   .thumb_set HardFault_Handler,Default_Handler
 253              	
 254              	   .weak      MemManage_Handler
 255              	   .thumb_set MemManage_Handler,Default_Handler
 256              	  
 257              	   .weak      BusFault_Handler
 258              	   .thumb_set BusFault_Handler,Default_Handler
 259              	
 260              	   .weak      UsageFault_Handler
 261              	   .thumb_set UsageFault_Handler,Default_Handler
 262              	
 263              	   .weak      SVC_Handler
 264              	   .thumb_set SVC_Handler,Default_Handler
 265              	
 266              	   .weak      DebugMon_Handler
 267              	   .thumb_set DebugMon_Handler,Default_Handler
 268              	
 269              	   .weak      PendSV_Handler
 270              	   .thumb_set PendSV_Handler,Default_Handler
 271              	
 272              	   .weak      SysTick_Handler
 273              	   .thumb_set SysTick_Handler,Default_Handler
 274              	
 275              	   .weak      WWDG_IRQHandler
 276              	   .thumb_set WWDG_IRQHandler,Default_Handler
 277              	
 278              	   .weak      PVD_IRQHandler
 279              	   .thumb_set PVD_IRQHandler,Default_Handler
 280              	
 281              	   .weak      TAMP_STAMP_IRQHandler
ARM GAS  C:\Users\niels\AppData\Local\Temp\ccHPHbz0.s 			page 6


 282              	   .thumb_set TAMP_STAMP_IRQHandler,Default_Handler
 283              	
 284              	   .weak      RTC_WKUP_IRQHandler
 285              	   .thumb_set RTC_WKUP_IRQHandler,Default_Handler
 286              	
 287              	   .weak      FLASH_IRQHandler
 288              	   .thumb_set FLASH_IRQHandler,Default_Handler
 289              	
 290              	   .weak      RCC_IRQHandler
 291              	   .thumb_set RCC_IRQHandler,Default_Handler
 292              	
 293              	   .weak      EXTI0_IRQHandler
 294              	   .thumb_set EXTI0_IRQHandler,Default_Handler
 295              	
 296              	   .weak      EXTI1_IRQHandler
 297              	   .thumb_set EXTI1_IRQHandler,Default_Handler
 298              	
 299              	   .weak      EXTI2_IRQHandler
 300              	   .thumb_set EXTI2_IRQHandler,Default_Handler 
 301              	
 302              	   .weak      EXTI3_IRQHandler
 303              	   .thumb_set EXTI3_IRQHandler,Default_Handler
 304              	
 305              	   .weak      EXTI4_IRQHandler
 306              	   .thumb_set EXTI4_IRQHandler,Default_Handler
 307              	
 308              	   .weak      DMA1_Stream0_IRQHandler
 309              	   .thumb_set DMA1_Stream0_IRQHandler,Default_Handler
 310              	
 311              	   .weak      DMA1_Stream1_IRQHandler
 312              	   .thumb_set DMA1_Stream1_IRQHandler,Default_Handler
 313              	
 314              	   .weak      DMA1_Stream2_IRQHandler
 315              	   .thumb_set DMA1_Stream2_IRQHandler,Default_Handler
 316              	
 317              	   .weak      DMA1_Stream3_IRQHandler
 318              	   .thumb_set DMA1_Stream3_IRQHandler,Default_Handler
 319              	
 320              	   .weak      DMA1_Stream4_IRQHandler
 321              	   .thumb_set DMA1_Stream4_IRQHandler,Default_Handler
 322              	
 323              	   .weak      DMA1_Stream5_IRQHandler
 324              	   .thumb_set DMA1_Stream5_IRQHandler,Default_Handler
 325              	
 326              	   .weak      DMA1_Stream6_IRQHandler
 327              	   .thumb_set DMA1_Stream6_IRQHandler,Default_Handler
 328              	
 329              	   .weak      ADC_IRQHandler
 330              	   .thumb_set ADC_IRQHandler,Default_Handler
 331              	
 332              	   .weak      CAN1_TX_IRQHandler
 333              	   .thumb_set CAN1_TX_IRQHandler,Default_Handler
 334              	
 335              	   .weak      CAN1_RX0_IRQHandler
 336              	   .thumb_set CAN1_RX0_IRQHandler,Default_Handler
 337              	
 338              	   .weak      CAN1_RX1_IRQHandler
ARM GAS  C:\Users\niels\AppData\Local\Temp\ccHPHbz0.s 			page 7


 339              	   .thumb_set CAN1_RX1_IRQHandler,Default_Handler
 340              	
 341              	   .weak      CAN1_SCE_IRQHandler
 342              	   .thumb_set CAN1_SCE_IRQHandler,Default_Handler
 343              	
 344              	   .weak      EXTI9_5_IRQHandler
 345              	   .thumb_set EXTI9_5_IRQHandler,Default_Handler
 346              	
 347              	   .weak      TIM1_BRK_TIM9_IRQHandler
 348              	   .thumb_set TIM1_BRK_TIM9_IRQHandler,Default_Handler
 349              	
 350              	   .weak      TIM1_UP_TIM10_IRQHandler
 351              	   .thumb_set TIM1_UP_TIM10_IRQHandler,Default_Handler
 352              	
 353              	   .weak      TIM1_TRG_COM_TIM11_IRQHandler
 354              	   .thumb_set TIM1_TRG_COM_TIM11_IRQHandler,Default_Handler
 355              	
 356              	   .weak      TIM1_CC_IRQHandler
 357              	   .thumb_set TIM1_CC_IRQHandler,Default_Handler
 358              	
 359              	   .weak      TIM2_IRQHandler
 360              	   .thumb_set TIM2_IRQHandler,Default_Handler
 361              	
 362              	   .weak      TIM3_IRQHandler
 363              	   .thumb_set TIM3_IRQHandler,Default_Handler
 364              	
 365              	   .weak      TIM4_IRQHandler
 366              	   .thumb_set TIM4_IRQHandler,Default_Handler
 367              	
 368              	   .weak      I2C1_EV_IRQHandler
 369              	   .thumb_set I2C1_EV_IRQHandler,Default_Handler
 370              	
 371              	   .weak      I2C1_ER_IRQHandler
 372              	   .thumb_set I2C1_ER_IRQHandler,Default_Handler
 373              	
 374              	   .weak      I2C2_EV_IRQHandler
 375              	   .thumb_set I2C2_EV_IRQHandler,Default_Handler
 376              	
 377              	   .weak      I2C2_ER_IRQHandler
 378              	   .thumb_set I2C2_ER_IRQHandler,Default_Handler
 379              	
 380              	   .weak      SPI1_IRQHandler
 381              	   .thumb_set SPI1_IRQHandler,Default_Handler
 382              	
 383              	   .weak      SPI2_IRQHandler
 384              	   .thumb_set SPI2_IRQHandler,Default_Handler
 385              	
 386              	   .weak      USART1_IRQHandler
 387              	   .thumb_set USART1_IRQHandler,Default_Handler
 388              	
 389              	   .weak      USART2_IRQHandler
 390              	   .thumb_set USART2_IRQHandler,Default_Handler
 391              	
 392              	   .weak      USART3_IRQHandler
 393              	   .thumb_set USART3_IRQHandler,Default_Handler
 394              	
 395              	   .weak      EXTI15_10_IRQHandler
ARM GAS  C:\Users\niels\AppData\Local\Temp\ccHPHbz0.s 			page 8


 396              	   .thumb_set EXTI15_10_IRQHandler,Default_Handler
 397              	
 398              	   .weak      RTC_Alarm_IRQHandler
 399              	   .thumb_set RTC_Alarm_IRQHandler,Default_Handler
 400              	
 401              	   .weak      OTG_FS_WKUP_IRQHandler
 402              	   .thumb_set OTG_FS_WKUP_IRQHandler,Default_Handler
 403              	
 404              	   .weak      TIM8_BRK_TIM12_IRQHandler
 405              	   .thumb_set TIM8_BRK_TIM12_IRQHandler,Default_Handler
 406              	
 407              	   .weak      TIM8_UP_TIM13_IRQHandler
 408              	   .thumb_set TIM8_UP_TIM13_IRQHandler,Default_Handler
 409              	
 410              	   .weak      TIM8_TRG_COM_TIM14_IRQHandler
 411              	   .thumb_set TIM8_TRG_COM_TIM14_IRQHandler,Default_Handler
 412              	
 413              	   .weak      TIM8_CC_IRQHandler
 414              	   .thumb_set TIM8_CC_IRQHandler,Default_Handler
 415              	
 416              	   .weak      DMA1_Stream7_IRQHandler
 417              	   .thumb_set DMA1_Stream7_IRQHandler,Default_Handler
 418              	
 419              	   .weak      SDIO_IRQHandler
 420              	   .thumb_set SDIO_IRQHandler,Default_Handler
 421              	
 422              	   .weak      TIM5_IRQHandler
 423              	   .thumb_set TIM5_IRQHandler,Default_Handler
 424              	
 425              	   .weak      SPI3_IRQHandler
 426              	   .thumb_set SPI3_IRQHandler,Default_Handler
 427              	
 428              	   .weak      TIM6_IRQHandler
 429              	   .thumb_set TIM6_IRQHandler,Default_Handler
 430              	
 431              	   .weak      TIM7_IRQHandler
 432              	   .thumb_set TIM7_IRQHandler,Default_Handler
 433              	
 434              	   .weak      DMA2_Stream0_IRQHandler
 435              	   .thumb_set DMA2_Stream0_IRQHandler,Default_Handler
 436              	
 437              	   .weak      DMA2_Stream1_IRQHandler
 438              	   .thumb_set DMA2_Stream1_IRQHandler,Default_Handler
 439              	
 440              	   .weak      DMA2_Stream2_IRQHandler
 441              	   .thumb_set DMA2_Stream2_IRQHandler,Default_Handler
 442              	
 443              	   .weak      DMA2_Stream3_IRQHandler
 444              	   .thumb_set DMA2_Stream3_IRQHandler,Default_Handler
 445              	
 446              	   .weak      DMA2_Stream4_IRQHandler
 447              	   .thumb_set DMA2_Stream4_IRQHandler,Default_Handler
 448              	
 449              	   .weak      DFSDM1_FLT0_IRQHandler
 450              	   .thumb_set DFSDM1_FLT0_IRQHandler,Default_Handler
 451              	
 452              	   .weak      DFSDM1_FLT1_IRQHandler
ARM GAS  C:\Users\niels\AppData\Local\Temp\ccHPHbz0.s 			page 9


 453              	   .thumb_set DFSDM1_FLT1_IRQHandler,Default_Handler
 454              	
 455              	   .weak      CAN2_TX_IRQHandler
 456              	   .thumb_set CAN2_TX_IRQHandler,Default_Handler
 457              	
 458              	   .weak      CAN2_RX0_IRQHandler
 459              	   .thumb_set CAN2_RX0_IRQHandler,Default_Handler
 460              	
 461              	   .weak      CAN2_RX1_IRQHandler
 462              	   .thumb_set CAN2_RX1_IRQHandler,Default_Handler
 463              	
 464              	   .weak      CAN2_SCE_IRQHandler
 465              	   .thumb_set CAN2_SCE_IRQHandler,Default_Handler
 466              	
 467              	   .weak      OTG_FS_IRQHandler
 468              	   .thumb_set OTG_FS_IRQHandler,Default_Handler
 469              	
 470              	   .weak      DMA2_Stream5_IRQHandler
 471              	   .thumb_set DMA2_Stream5_IRQHandler,Default_Handler
 472              	
 473              	   .weak      DMA2_Stream6_IRQHandler
 474              	   .thumb_set DMA2_Stream6_IRQHandler,Default_Handler
 475              	
 476              	   .weak      DMA2_Stream7_IRQHandler
 477              	   .thumb_set DMA2_Stream7_IRQHandler,Default_Handler
 478              	
 479              	   .weak      USART6_IRQHandler
 480              	   .thumb_set USART6_IRQHandler,Default_Handler
 481              	
 482              	   .weak      I2C3_EV_IRQHandler
 483              	   .thumb_set I2C3_EV_IRQHandler,Default_Handler
 484              	
 485              	   .weak      I2C3_ER_IRQHandler
 486              	   .thumb_set I2C3_ER_IRQHandler,Default_Handler
 487              	
 488              	   .weak      RNG_IRQHandler
 489              	   .thumb_set RNG_IRQHandler,Default_Handler
 490              	
 491              	   .weak      FPU_IRQHandler
 492              	   .thumb_set FPU_IRQHandler,Default_Handler
 493              	
 494              	   .weak      SPI4_IRQHandler
 495              	   .thumb_set SPI4_IRQHandler,Default_Handler
 496              	
 497              	   .weak      SPI5_IRQHandler
 498              	   .thumb_set SPI5_IRQHandler,Default_Handler
 499              	
 500              	   .weak      QUADSPI_IRQHandler
 501              	   .thumb_set QUADSPI_IRQHandler,Default_Handler
 502              	
 503              	    .weak     FMPI2C1_EV_IRQHandler
 504              	   .thumb_set FMPI2C1_EV_IRQHandler,Default_Handler
 505              	
 506              	   .weak      FMPI2C1_ER_IRQHandler
 507              	   .thumb_set FMPI2C1_ER_IRQHandler,Default_Handler
